{"uid":"9a56a991e0dc2ee8","name":"User should be able to search for project by its full name","fullName":"com.example.teamcity.ui.CreateProjectTest.userSearchesProjectByItsName","historyId":"9939d1a4522b9cfd07d27fd9a720fa7a","time":{"start":1743164771872,"stop":1743164779791,"duration":7919},"status":"broken","statusMessage":"current thread is not owner","statusTrace":"java.lang.IllegalMonitorStateException: current thread is not owner\n\tat java.base/java.lang.Object.wait0(Native Method)\n\tat java.base/java.lang.Object.wait(Object.java:366)\n\tat java.base/java.lang.Object.wait(Object.java:339)\n\tat com.example.teamcity.ui.pages.ProjectsPage.getSideBarProjects(ProjectsPage.java:54)\n\tat com.example.teamcity.ui.CreateProjectTest.userSearchesProjectByItsName(CreateProjectTest.java:106)\n\tat java.base/jdk.internal.reflect.DirectMethodHandleAccessor.invoke(DirectMethodHandleAccessor.java:103)\n\tat java.base/java.lang.reflect.Method.invoke(Method.java:580)\n\tat org.testng.internal.invokers.MethodInvocationHelper.invokeMethod(MethodInvocationHelper.java:141)\n\tat org.testng.internal.invokers.TestInvoker.invokeMethod(TestInvoker.java:687)\n\tat org.testng.internal.invokers.TestInvoker.invokeTestMethod(TestInvoker.java:230)\n\tat org.testng.internal.invokers.MethodRunner.runInSequence(MethodRunner.java:63)\n\tat org.testng.internal.invokers.TestInvoker$MethodInvocationAgent.invoke(TestInvoker.java:995)\n\tat org.testng.internal.invokers.TestInvoker.invokeTestMethods(TestInvoker.java:203)\n\tat org.testng.internal.invokers.TestMethodWorker.invokeTestMethods(TestMethodWorker.java:154)\n\tat org.testng.internal.invokers.TestMethodWorker.run(TestMethodWorker.java:134)\n\tat java.base/java.util.ArrayList.forEach(ArrayList.java:1596)\n\tat org.testng.TestRunner.privateRun(TestRunner.java:741)\n\tat org.testng.TestRunner.run(TestRunner.java:616)\n\tat org.testng.SuiteRunner.runTest(SuiteRunner.java:421)\n\tat org.testng.SuiteRunner.runSequentially(SuiteRunner.java:413)\n\tat org.testng.SuiteRunner.privateRun(SuiteRunner.java:373)\n\tat org.testng.SuiteRunner.run(SuiteRunner.java:312)\n\tat org.testng.SuiteRunnerWorker.runSuite(SuiteRunnerWorker.java:52)\n\tat org.testng.SuiteRunnerWorker.run(SuiteRunnerWorker.java:95)\n\tat org.testng.TestNG.runSuitesSequentially(TestNG.java:1274)\n\tat org.testng.TestNG.runSuitesLocally(TestNG.java:1208)\n\tat org.testng.TestNG.runSuites(TestNG.java:1112)\n\tat org.testng.TestNG.run(TestNG.java:1079)\n\tat org.apache.maven.surefire.testng.TestNGExecutor.run(TestNGExecutor.java:155)\n\tat org.apache.maven.surefire.testng.TestNGDirectoryTestSuite.executeMulti(TestNGDirectoryTestSuite.java:169)\n\tat org.apache.maven.surefire.testng.TestNGDirectoryTestSuite.execute(TestNGDirectoryTestSuite.java:88)\n\tat org.apache.maven.surefire.testng.TestNGProvider.invoke(TestNGProvider.java:137)\n\tat org.apache.maven.surefire.booter.ForkedBooter.runSuitesInProcess(ForkedBooter.java:385)\n\tat org.apache.maven.surefire.booter.ForkedBooter.execute(ForkedBooter.java:162)\n\tat org.apache.maven.surefire.booter.ForkedBooter.run(ForkedBooter.java:507)\n\tat org.apache.maven.surefire.booter.ForkedBooter.main(ForkedBooter.java:495)\n","flaky":false,"newFailed":false,"newBroken":true,"newPassed":false,"retriesCount":0,"retriesStatusChange":false,"beforeStages":[{"name":"beforeTest","time":{"start":1743164771870,"stop":1743164771871,"duration":1},"description":"","status":"passed","steps":[],"attachments":[],"parameters":[],"shouldDisplayMessage":false,"stepsCount":0,"attachmentsCount":0,"hasContent":false}],"testStage":{"status":"broken","statusMessage":"current thread is not owner","statusTrace":"java.lang.IllegalMonitorStateException: current thread is not owner\n\tat java.base/java.lang.Object.wait0(Native Method)\n\tat java.base/java.lang.Object.wait(Object.java:366)\n\tat java.base/java.lang.Object.wait(Object.java:339)\n\tat com.example.teamcity.ui.pages.ProjectsPage.getSideBarProjects(ProjectsPage.java:54)\n\tat com.example.teamcity.ui.CreateProjectTest.userSearchesProjectByItsName(CreateProjectTest.java:106)\n\tat java.base/jdk.internal.reflect.DirectMethodHandleAccessor.invoke(DirectMethodHandleAccessor.java:103)\n\tat java.base/java.lang.reflect.Method.invoke(Method.java:580)\n\tat org.testng.internal.invokers.MethodInvocationHelper.invokeMethod(MethodInvocationHelper.java:141)\n\tat org.testng.internal.invokers.TestInvoker.invokeMethod(TestInvoker.java:687)\n\tat org.testng.internal.invokers.TestInvoker.invokeTestMethod(TestInvoker.java:230)\n\tat org.testng.internal.invokers.MethodRunner.runInSequence(MethodRunner.java:63)\n\tat org.testng.internal.invokers.TestInvoker$MethodInvocationAgent.invoke(TestInvoker.java:995)\n\tat org.testng.internal.invokers.TestInvoker.invokeTestMethods(TestInvoker.java:203)\n\tat org.testng.internal.invokers.TestMethodWorker.invokeTestMethods(TestMethodWorker.java:154)\n\tat org.testng.internal.invokers.TestMethodWorker.run(TestMethodWorker.java:134)\n\tat java.base/java.util.ArrayList.forEach(ArrayList.java:1596)\n\tat org.testng.TestRunner.privateRun(TestRunner.java:741)\n\tat org.testng.TestRunner.run(TestRunner.java:616)\n\tat org.testng.SuiteRunner.runTest(SuiteRunner.java:421)\n\tat org.testng.SuiteRunner.runSequentially(SuiteRunner.java:413)\n\tat org.testng.SuiteRunner.privateRun(SuiteRunner.java:373)\n\tat org.testng.SuiteRunner.run(SuiteRunner.java:312)\n\tat org.testng.SuiteRunnerWorker.runSuite(SuiteRunnerWorker.java:52)\n\tat org.testng.SuiteRunnerWorker.run(SuiteRunnerWorker.java:95)\n\tat org.testng.TestNG.runSuitesSequentially(TestNG.java:1274)\n\tat org.testng.TestNG.runSuitesLocally(TestNG.java:1208)\n\tat org.testng.TestNG.runSuites(TestNG.java:1112)\n\tat org.testng.TestNG.run(TestNG.java:1079)\n\tat org.apache.maven.surefire.testng.TestNGExecutor.run(TestNGExecutor.java:155)\n\tat org.apache.maven.surefire.testng.TestNGDirectoryTestSuite.executeMulti(TestNGDirectoryTestSuite.java:169)\n\tat org.apache.maven.surefire.testng.TestNGDirectoryTestSuite.execute(TestNGDirectoryTestSuite.java:88)\n\tat org.apache.maven.surefire.testng.TestNGProvider.invoke(TestNGProvider.java:137)\n\tat org.apache.maven.surefire.booter.ForkedBooter.runSuitesInProcess(ForkedBooter.java:385)\n\tat org.apache.maven.surefire.booter.ForkedBooter.execute(ForkedBooter.java:162)\n\tat org.apache.maven.surefire.booter.ForkedBooter.run(ForkedBooter.java:507)\n\tat org.apache.maven.surefire.booter.ForkedBooter.main(ForkedBooter.java:495)\n","steps":[{"name":"Open login page","time":{"start":1743164772045,"stop":1743164774697,"duration":2652},"status":"passed","steps":[{"name":"$(\"open\") http://172.17.0.1:8111/login.html","time":{"start":1743164772045,"stop":1743164774695,"duration":2650},"status":"passed","steps":[{"name":"$(\"webdriver\") create()","time":{"start":1743164772045,"stop":1743164773687,"duration":1642},"status":"passed","steps":[],"attachments":[],"parameters":[],"shouldDisplayMessage":false,"stepsCount":0,"attachmentsCount":0,"hasContent":false}],"attachments":[],"parameters":[],"shouldDisplayMessage":false,"stepsCount":1,"attachmentsCount":0,"hasContent":true}],"attachments":[],"parameters":[],"shouldDisplayMessage":false,"stepsCount":2,"attachmentsCount":0,"hasContent":true},{"name":"Login as test_QvFDvaltzW","time":{"start":1743164774697,"stop":1743164777441,"duration":2744},"status":"passed","steps":[{"name":"$(\"#username\") val(test_QvFDvaltzW)","time":{"start":1743164774697,"stop":1743164775093,"duration":396},"status":"passed","steps":[],"attachments":[],"parameters":[],"shouldDisplayMessage":false,"stepsCount":0,"attachmentsCount":0,"hasContent":false},{"name":"$(\"#password\") val(test_LxymJSrKET)","time":{"start":1743164775093,"stop":1743164775276,"duration":183},"status":"passed","steps":[],"attachments":[],"parameters":[],"shouldDisplayMessage":false,"stepsCount":0,"attachmentsCount":0,"hasContent":false},{"name":"$(\".loginButton\") click()","time":{"start":1743164775276,"stop":1743164775410,"duration":134},"status":"passed","steps":[],"attachments":[],"parameters":[],"shouldDisplayMessage":false,"stepsCount":0,"attachmentsCount":0,"hasContent":false},{"name":"$(\".MainPanel__router--gF > div\") should be([visible, 40 s.])","time":{"start":1743164775410,"stop":1743164777441,"duration":2031},"status":"passed","steps":[],"attachments":[],"parameters":[],"shouldDisplayMessage":false,"stepsCount":0,"attachmentsCount":0,"hasContent":false}],"attachments":[],"parameters":[{"name":"user","value":"User(id=null, username=test_QvFDvaltzW, password=test_LxymJSrKET, roles=Roles(role=[Role(roleId=SYSTEM_ADMIN, scope=g)]))"}],"shouldDisplayMessage":false,"stepsCount":4,"attachmentsCount":0,"hasContent":true},{"name":"$(\"open\") http://172.17.0.1:8111/favorite/projects","time":{"start":1743164777848,"stop":1743164779023,"duration":1175},"status":"passed","steps":[],"attachments":[],"parameters":[],"shouldDisplayMessage":false,"stepsCount":0,"attachmentsCount":0,"hasContent":false},{"name":"$(\".MainPanel__router--gF > div\") should be([visible, 40 s.])","time":{"start":1743164779024,"stop":1743164779502,"duration":478},"status":"passed","steps":[],"attachments":[],"parameters":[],"shouldDisplayMessage":false,"stepsCount":0,"attachmentsCount":0,"hasContent":false},{"name":"$(\"#search-projects\") val(test_ainukOySHY)","time":{"start":1743164779502,"stop":1743164779688,"duration":186},"status":"passed","steps":[],"attachments":[],"parameters":[],"shouldDisplayMessage":false,"stepsCount":0,"attachmentsCount":0,"hasContent":false},{"name":"$(\"[aria-label='Add to favorites...']\") should not be([visible, 40 s.])","time":{"start":1743164779689,"stop":1743164779709,"duration":20},"status":"passed","steps":[],"attachments":[],"parameters":[],"shouldDisplayMessage":false,"stepsCount":0,"attachmentsCount":0,"hasContent":false},{"name":"$(\"[span='All Projects']\") should not be([visible, 40 s.])","time":{"start":1743164779710,"stop":1743164779758,"duration":48},"status":"passed","steps":[],"attachments":[],"parameters":[],"shouldDisplayMessage":false,"stepsCount":0,"attachmentsCount":0,"hasContent":false},{"name":"$(\".MainPanel__router--gF > div\") should be([visible, 40 s.])","time":{"start":1743164779758,"stop":1743164779790,"duration":32},"status":"passed","steps":[],"attachments":[],"parameters":[],"shouldDisplayMessage":false,"stepsCount":0,"attachmentsCount":0,"hasContent":false}],"attachments":[{"uid":"c34ff30baee1077e","name":"Request","source":"c34ff30baee1077e.html","type":"text/html","size":1244},{"uid":"64a62596ecf873f2","name":"HTTP/1.1 200 ","source":"64a62596ecf873f2.html","type":"text/html","size":2088},{"uid":"1ff4d81ba724de5c","name":"Request","source":"1ff4d81ba724de5c.html","type":"text/html","size":1458},{"uid":"d8fc443e087acabe","name":"HTTP/1.1 200 ","source":"d8fc443e087acabe.html","type":"text/html","size":2225}],"parameters":[],"shouldDisplayMessage":true,"stepsCount":14,"attachmentsCount":4,"hasContent":true},"afterStages":[{"name":"closeWebDriver","time":{"start":1743164779803,"stop":1743164779861,"duration":58},"description":"","status":"passed","steps":[{"name":"$(\"webdriver\") close()","time":{"start":1743164779803,"stop":1743164779860,"duration":57},"status":"passed","steps":[],"attachments":[],"parameters":[],"shouldDisplayMessage":false,"stepsCount":0,"attachmentsCount":0,"hasContent":false}],"attachments":[],"parameters":[],"shouldDisplayMessage":false,"stepsCount":1,"attachmentsCount":0,"hasContent":true},{"name":"afterTest","time":{"start":1743164779867,"stop":1743164780051,"duration":184},"description":"","status":"passed","steps":[],"attachments":[{"uid":"33119aa20826dd33","name":"Request","source":"33119aa20826dd33.html","type":"text/html","size":515},{"uid":"c50c641e9f083215","name":"HTTP/1.1 204 ","source":"c50c641e9f083215.html","type":"text/html","size":478},{"uid":"ce775f3beec1e7b3","name":"Request","source":"ce775f3beec1e7b3.html","type":"text/html","size":481},{"uid":"c47b2806d87a4e13","name":"HTTP/1.1 204 ","source":"c47b2806d87a4e13.html","type":"text/html","size":478}],"parameters":[],"shouldDisplayMessage":false,"stepsCount":0,"attachmentsCount":4,"hasContent":true}],"labels":[{"name":"package","value":"com.example.teamcity.ui.CreateProjectTest"},{"name":"testClass","value":"com.example.teamcity.ui.CreateProjectTest"},{"name":"testMethod","value":"userSearchesProjectByItsName"},{"name":"parentSuite","value":"Surefire suite"},{"name":"suite","value":"Surefire test"},{"name":"subSuite","value":"com.example.teamcity.ui.CreateProjectTest"},{"name":"host","value":"fv-az1778-797"},{"name":"thread","value":"4097@fv-az1778-797.main(1)"},{"name":"framework","value":"testng"},{"name":"language","value":"java"},{"name":"resultFormat","value":"allure2"}],"parameters":[],"links":[],"hidden":false,"retry":false,"extra":{"severity":"normal","retries":[],"categories":[{"name":"Test defects","matchedStatuses":[],"flaky":false}],"history":{"statistic":{"failed":5,"broken":1,"skipped":0,"passed":1,"unknown":0,"total":7},"items":[{"uid":"acc292ed52e91ae5","reportUrl":"https://kharlama.github.io/TeamCity-Testing-Framework/ui/66//#testresult/acc292ed52e91ae5","status":"failed","statusDetails":"Element should exist {[data-test='sidebar-item'].snapshot(3 elements)[0]}\nElement: 'Ups, failed to describe the element [caused by: StaleElementReferenceException: stale element reference: stale element not found]'\nActual value: does not exist\nScreenshot: file:/home/runner/work/TeamCity-Testing-Framework/TeamCity-Testing-Framework/build/reports/tests/1743164135192.0.png\nPage source: file:/home/runner/work/TeamCity-Testing-Framework/TeamCity-Testing-Framework/build/reports/tests/1743164135192.0.html\nTimeout: 10 s.","time":{"start":1743164114852,"stop":1743164135781,"duration":20929}},{"uid":"dff8cf03008f779a","reportUrl":"https://kharlama.github.io/TeamCity-Testing-Framework/ui/65//#testresult/dff8cf03008f779a","status":"failed","statusDetails":"Element should exist {[data-test='sidebar-item'].snapshot(3 elements)[2]}\nElement: 'Ups, failed to describe the element [caused by: StaleElementReferenceException: stale element reference: stale element not found]'\nActual value: does not exist\nScreenshot: file:/home/runner/work/TeamCity-Testing-Framework/TeamCity-Testing-Framework/build/reports/tests/1743163265884.0.png\nPage source: file:/home/runner/work/TeamCity-Testing-Framework/TeamCity-Testing-Framework/build/reports/tests/1743163265884.0.html\nTimeout: 10 s.","time":{"start":1743163246735,"stop":1743163266494,"duration":19759}},{"uid":"e1203099cdf306a4","reportUrl":"https://kharlama.github.io/TeamCity-Testing-Framework/ui/64//#testresult/e1203099cdf306a4","status":"failed","statusDetails":"Element should exist {[data-test='sidebar-item'].snapshot(3 elements)[2]}\nElement: 'Ups, failed to describe the element [caused by: StaleElementReferenceException: stale element reference: stale element not found]'\nActual value: does not exist\nScreenshot: file:/home/runner/work/TeamCity-Testing-Framework/TeamCity-Testing-Framework/build/reports/tests/1743162887598.0.png\nPage source: file:/home/runner/work/TeamCity-Testing-Framework/TeamCity-Testing-Framework/build/reports/tests/1743162887598.0.html\nTimeout: 10 s.","time":{"start":1743162868296,"stop":1743162888206,"duration":19910}},{"uid":"94aba469902c2e4b","reportUrl":"https://kharlama.github.io/TeamCity-Testing-Framework/ui/63//#testresult/94aba469902c2e4b","status":"failed","statusDetails":"Element should exist {[data-test='sidebar-item'].snapshot(3 elements)[2]}\nElement: 'Ups, failed to describe the element [caused by: StaleElementReferenceException: stale element reference: stale element not found]'\nActual value: does not exist\nScreenshot: file:/home/runner/work/TeamCity-Testing-Framework/TeamCity-Testing-Framework/build/reports/tests/1743160549801.1.png\nPage source: file:/home/runner/work/TeamCity-Testing-Framework/TeamCity-Testing-Framework/build/reports/tests/1743160549801.1.html\nTimeout: 10 s.","time":{"start":1743160531936,"stop":1743160550271,"duration":18335}},{"uid":"69dfff0c27e1ccd1","reportUrl":"https://kharlama.github.io/TeamCity-Testing-Framework/ui/62//#testresult/69dfff0c27e1ccd1","status":"failed","statusDetails":"Element should exist {[data-test='sidebar-item'].snapshot(3 elements)[2]}\nElement: 'Ups, failed to describe the element [caused by: StaleElementReferenceException: stale element reference: stale element not found]'\nActual value: does not exist\nScreenshot: file:/home/runner/work/TeamCity-Testing-Framework/TeamCity-Testing-Framework/build/reports/tests/1743157903273.0.png\nPage source: file:/home/runner/work/TeamCity-Testing-Framework/TeamCity-Testing-Framework/build/reports/tests/1743157903273.0.html\nTimeout: 10 s.","time":{"start":1743157885226,"stop":1743157903931,"duration":18705}},{"uid":"d4edc4b1e52f1f20","reportUrl":"https://kharlama.github.io/TeamCity-Testing-Framework/ui/61//#testresult/d4edc4b1e52f1f20","status":"passed","time":{"start":1743157006957,"stop":1743157014723,"duration":7766}}]},"tags":[]},"source":"9a56a991e0dc2ee8.json","parameterValues":[]}