{"uid":"9d6ecb3be79c5808","name":"Project admin should not be able to create build type for another user's project","fullName":"com.example.teamcity.api.BuildTypeTest.projectAdminCreatesBuildTypeForAnotherUserProjectTest","historyId":"5e64a5759a00ac06cf0bb97d038f7ab5","time":{"start":1743157828108,"stop":1743157830322,"duration":2214},"status":"failed","statusMessage":"1 expectation failed.\nResponse body doesn't match expectation.\nExpected: a string containing \"You do not have enough permissions to edit project with id: test_QTzvLYfAAt\\nAccess denied. Check the user has enough permissions to perform the operation.\"\n  Actual: Responding with error, status code: 403 (Forbidden).\nDetails: jetbrains.buildServer.serverSide.auth.AccessDeniedException: You do not have enough permissions to edit project with id: test_DMnVIpPjNj\nAccess denied. Check the user has enough permissions to perform the operation.\n","statusTrace":"java.lang.AssertionError: 1 expectation failed.\nResponse body doesn't match expectation.\nExpected: a string containing \"You do not have enough permissions to edit project with id: test_QTzvLYfAAt\\nAccess denied. Check the user has enough permissions to perform the operation.\"\n  Actual: Responding with error, status code: 403 (Forbidden).\nDetails: jetbrains.buildServer.serverSide.auth.AccessDeniedException: You do not have enough permissions to edit project with id: test_DMnVIpPjNj\nAccess denied. Check the user has enough permissions to perform the operation.\n\n\tat java.base/jdk.internal.reflect.DirectConstructorHandleAccessor.newInstance(DirectConstructorHandleAccessor.java:62)\n\tat java.base/java.lang.reflect.Constructor.newInstanceWithCaller(Constructor.java:502)\n\tat java.base/java.lang.reflect.Constructor.newInstance(Constructor.java:486)\n\tat org.codehaus.groovy.reflection.CachedConstructor.invoke(CachedConstructor.java:73)\n\tat org.codehaus.groovy.runtime.callsite.ConstructorSite$ConstructorSiteNoUnwrapNoCoerce.callConstructor(ConstructorSite.java:108)\n\tat org.codehaus.groovy.runtime.callsite.CallSiteArray.defaultCallConstructor(CallSiteArray.java:57)\n\tat org.codehaus.groovy.runtime.callsite.AbstractCallSite.callConstructor(AbstractCallSite.java:263)\n\tat org.codehaus.groovy.runtime.callsite.AbstractCallSite.callConstructor(AbstractCallSite.java:277)\n\tat io.restassured.internal.ResponseSpecificationImpl$HamcrestAssertionClosure.validate(ResponseSpecificationImpl.groovy:512)\n\tat io.restassured.internal.ResponseSpecificationImpl$HamcrestAssertionClosure$validate$1.call(Unknown Source)\n\tat org.codehaus.groovy.runtime.callsite.CallSiteArray.defaultCall(CallSiteArray.java:45)\n\tat org.codehaus.groovy.runtime.callsite.AbstractCallSite.call(AbstractCallSite.java:125)\n\tat org.codehaus.groovy.runtime.callsite.AbstractCallSite.call(AbstractCallSite.java:139)\n\tat io.restassured.internal.ResponseSpecificationImpl.validate(ResponseSpecificationImpl.groovy:101)\n\tat io.restassured.internal.ValidatableResponseOptionsImpl.spec(ValidatableResponseOptionsImpl.java:288)\n\tat com.example.teamcity.api.BuildTypeTest.lambda$projectAdminCreatesBuildTypeForAnotherUserProjectTest$6(BuildTypeTest.java:98)\n\tat io.qameta.allure.Allure.lambda$step$0(Allure.java:113)\n\tat io.qameta.allure.Allure.lambda$step$1(Allure.java:127)\n\tat io.qameta.allure.Allure.step(Allure.java:181)\n\tat io.qameta.allure.Allure.step(Allure.java:125)\n\tat io.qameta.allure.Allure.step(Allure.java:112)\n\tat com.example.teamcity.api.BuildTypeTest.projectAdminCreatesBuildTypeForAnotherUserProjectTest(BuildTypeTest.java:94)\n\tat java.base/jdk.internal.reflect.DirectMethodHandleAccessor.invoke(DirectMethodHandleAccessor.java:103)\n\tat java.base/java.lang.reflect.Method.invoke(Method.java:580)\n\tat org.testng.internal.invokers.MethodInvocationHelper.invokeMethod(MethodInvocationHelper.java:141)\n\tat org.testng.internal.invokers.TestInvoker.invokeMethod(TestInvoker.java:687)\n\tat org.testng.internal.invokers.TestInvoker.invokeTestMethod(TestInvoker.java:230)\n\tat org.testng.internal.invokers.MethodRunner.runInSequence(MethodRunner.java:63)\n\tat org.testng.internal.invokers.TestInvoker$MethodInvocationAgent.invoke(TestInvoker.java:995)\n\tat org.testng.internal.invokers.TestInvoker.invokeTestMethods(TestInvoker.java:203)\n\tat org.testng.internal.invokers.TestMethodWorker.invokeTestMethods(TestMethodWorker.java:154)\n\tat org.testng.internal.invokers.TestMethodWorker.run(TestMethodWorker.java:134)\n\tat java.base/java.util.ArrayList.forEach(ArrayList.java:1596)\n\tat org.testng.TestRunner.privateRun(TestRunner.java:741)\n\tat org.testng.TestRunner.run(TestRunner.java:616)\n\tat org.testng.SuiteRunner.runTest(SuiteRunner.java:421)\n\tat org.testng.SuiteRunner.runSequentially(SuiteRunner.java:413)\n\tat org.testng.SuiteRunner.privateRun(SuiteRunner.java:373)\n\tat org.testng.SuiteRunner.run(SuiteRunner.java:312)\n\tat org.testng.SuiteRunnerWorker.runSuite(SuiteRunnerWorker.java:52)\n\tat org.testng.SuiteRunnerWorker.run(SuiteRunnerWorker.java:95)\n\tat org.testng.TestNG.runSuitesSequentially(TestNG.java:1274)\n\tat org.testng.TestNG.runSuitesLocally(TestNG.java:1208)\n\tat org.testng.TestNG.runSuites(TestNG.java:1112)\n\tat org.testng.TestNG.run(TestNG.java:1079)\n\tat org.apache.maven.surefire.testng.TestNGExecutor.run(TestNGExecutor.java:155)\n\tat org.apache.maven.surefire.testng.TestNGDirectoryTestSuite.executeMulti(TestNGDirectoryTestSuite.java:169)\n\tat org.apache.maven.surefire.testng.TestNGDirectoryTestSuite.execute(TestNGDirectoryTestSuite.java:88)\n\tat org.apache.maven.surefire.testng.TestNGProvider.invoke(TestNGProvider.java:137)\n\tat org.apache.maven.surefire.booter.ForkedBooter.runSuitesInProcess(ForkedBooter.java:385)\n\tat org.apache.maven.surefire.booter.ForkedBooter.execute(ForkedBooter.java:162)\n\tat org.apache.maven.surefire.booter.ForkedBooter.run(ForkedBooter.java:507)\n\tat org.apache.maven.surefire.booter.ForkedBooter.main(ForkedBooter.java:495)\n","flaky":false,"newFailed":false,"newBroken":false,"newPassed":false,"retriesCount":0,"retriesStatusChange":false,"beforeStages":[{"name":"beforeTest","time":{"start":1743157827970,"stop":1743157827989,"duration":19},"description":"","status":"passed","steps":[],"attachments":[],"parameters":[],"shouldDisplayMessage":false,"stepsCount":0,"attachmentsCount":0,"hasContent":false}],"testStage":{"status":"failed","statusMessage":"1 expectation failed.\nResponse body doesn't match expectation.\nExpected: a string containing \"You do not have enough permissions to edit project with id: test_QTzvLYfAAt\\nAccess denied. Check the user has enough permissions to perform the operation.\"\n  Actual: Responding with error, status code: 403 (Forbidden).\nDetails: jetbrains.buildServer.serverSide.auth.AccessDeniedException: You do not have enough permissions to edit project with id: test_DMnVIpPjNj\nAccess denied. Check the user has enough permissions to perform the operation.\n","statusTrace":"java.lang.AssertionError: 1 expectation failed.\nResponse body doesn't match expectation.\nExpected: a string containing \"You do not have enough permissions to edit project with id: test_QTzvLYfAAt\\nAccess denied. Check the user has enough permissions to perform the operation.\"\n  Actual: Responding with error, status code: 403 (Forbidden).\nDetails: jetbrains.buildServer.serverSide.auth.AccessDeniedException: You do not have enough permissions to edit project with id: test_DMnVIpPjNj\nAccess denied. Check the user has enough permissions to perform the operation.\n\n\tat java.base/jdk.internal.reflect.DirectConstructorHandleAccessor.newInstance(DirectConstructorHandleAccessor.java:62)\n\tat java.base/java.lang.reflect.Constructor.newInstanceWithCaller(Constructor.java:502)\n\tat java.base/java.lang.reflect.Constructor.newInstance(Constructor.java:486)\n\tat org.codehaus.groovy.reflection.CachedConstructor.invoke(CachedConstructor.java:73)\n\tat org.codehaus.groovy.runtime.callsite.ConstructorSite$ConstructorSiteNoUnwrapNoCoerce.callConstructor(ConstructorSite.java:108)\n\tat org.codehaus.groovy.runtime.callsite.CallSiteArray.defaultCallConstructor(CallSiteArray.java:57)\n\tat org.codehaus.groovy.runtime.callsite.AbstractCallSite.callConstructor(AbstractCallSite.java:263)\n\tat org.codehaus.groovy.runtime.callsite.AbstractCallSite.callConstructor(AbstractCallSite.java:277)\n\tat io.restassured.internal.ResponseSpecificationImpl$HamcrestAssertionClosure.validate(ResponseSpecificationImpl.groovy:512)\n\tat io.restassured.internal.ResponseSpecificationImpl$HamcrestAssertionClosure$validate$1.call(Unknown Source)\n\tat org.codehaus.groovy.runtime.callsite.CallSiteArray.defaultCall(CallSiteArray.java:45)\n\tat org.codehaus.groovy.runtime.callsite.AbstractCallSite.call(AbstractCallSite.java:125)\n\tat org.codehaus.groovy.runtime.callsite.AbstractCallSite.call(AbstractCallSite.java:139)\n\tat io.restassured.internal.ResponseSpecificationImpl.validate(ResponseSpecificationImpl.groovy:101)\n\tat io.restassured.internal.ValidatableResponseOptionsImpl.spec(ValidatableResponseOptionsImpl.java:288)\n\tat com.example.teamcity.api.BuildTypeTest.lambda$projectAdminCreatesBuildTypeForAnotherUserProjectTest$6(BuildTypeTest.java:98)\n\tat io.qameta.allure.Allure.lambda$step$0(Allure.java:113)\n\tat io.qameta.allure.Allure.lambda$step$1(Allure.java:127)\n\tat io.qameta.allure.Allure.step(Allure.java:181)\n\tat io.qameta.allure.Allure.step(Allure.java:125)\n\tat io.qameta.allure.Allure.step(Allure.java:112)\n\tat com.example.teamcity.api.BuildTypeTest.projectAdminCreatesBuildTypeForAnotherUserProjectTest(BuildTypeTest.java:94)\n\tat java.base/jdk.internal.reflect.DirectMethodHandleAccessor.invoke(DirectMethodHandleAccessor.java:103)\n\tat java.base/java.lang.reflect.Method.invoke(Method.java:580)\n\tat org.testng.internal.invokers.MethodInvocationHelper.invokeMethod(MethodInvocationHelper.java:141)\n\tat org.testng.internal.invokers.TestInvoker.invokeMethod(TestInvoker.java:687)\n\tat org.testng.internal.invokers.TestInvoker.invokeTestMethod(TestInvoker.java:230)\n\tat org.testng.internal.invokers.MethodRunner.runInSequence(MethodRunner.java:63)\n\tat org.testng.internal.invokers.TestInvoker$MethodInvocationAgent.invoke(TestInvoker.java:995)\n\tat org.testng.internal.invokers.TestInvoker.invokeTestMethods(TestInvoker.java:203)\n\tat org.testng.internal.invokers.TestMethodWorker.invokeTestMethods(TestMethodWorker.java:154)\n\tat org.testng.internal.invokers.TestMethodWorker.run(TestMethodWorker.java:134)\n\tat java.base/java.util.ArrayList.forEach(ArrayList.java:1596)\n\tat org.testng.TestRunner.privateRun(TestRunner.java:741)\n\tat org.testng.TestRunner.run(TestRunner.java:616)\n\tat org.testng.SuiteRunner.runTest(SuiteRunner.java:421)\n\tat org.testng.SuiteRunner.runSequentially(SuiteRunner.java:413)\n\tat org.testng.SuiteRunner.privateRun(SuiteRunner.java:373)\n\tat org.testng.SuiteRunner.run(SuiteRunner.java:312)\n\tat org.testng.SuiteRunnerWorker.runSuite(SuiteRunnerWorker.java:52)\n\tat org.testng.SuiteRunnerWorker.run(SuiteRunnerWorker.java:95)\n\tat org.testng.TestNG.runSuitesSequentially(TestNG.java:1274)\n\tat org.testng.TestNG.runSuitesLocally(TestNG.java:1208)\n\tat org.testng.TestNG.runSuites(TestNG.java:1112)\n\tat org.testng.TestNG.run(TestNG.java:1079)\n\tat org.apache.maven.surefire.testng.TestNGExecutor.run(TestNGExecutor.java:155)\n\tat org.apache.maven.surefire.testng.TestNGDirectoryTestSuite.executeMulti(TestNGDirectoryTestSuite.java:169)\n\tat org.apache.maven.surefire.testng.TestNGDirectoryTestSuite.execute(TestNGDirectoryTestSuite.java:88)\n\tat org.apache.maven.surefire.testng.TestNGProvider.invoke(TestNGProvider.java:137)\n\tat org.apache.maven.surefire.booter.ForkedBooter.runSuitesInProcess(ForkedBooter.java:385)\n\tat org.apache.maven.surefire.booter.ForkedBooter.execute(ForkedBooter.java:162)\n\tat org.apache.maven.surefire.booter.ForkedBooter.run(ForkedBooter.java:507)\n\tat org.apache.maven.surefire.booter.ForkedBooter.main(ForkedBooter.java:495)\n","steps":[{"name":"Create user with PROJECT_ADMIN role in project","time":{"start":1743157828114,"stop":1743157829752,"duration":1638},"status":"passed","steps":[],"attachments":[{"uid":"f10399e0a194af8c","name":"Request","source":"f10399e0a194af8c.html","type":"text/html","size":1458},{"uid":"d78cb2d1152f2530","name":"HTTP/1.1 200 ","source":"d78cb2d1152f2530.html","type":"text/html","size":2225},{"uid":"1cbf471ed06c3771","name":"Request","source":"1cbf471ed06c3771.html","type":"text/html","size":1278},{"uid":"2a20b2d2255aa456","name":"HTTP/1.1 200 ","source":"2a20b2d2255aa456.html","type":"text/html","size":2122}],"parameters":[],"shouldDisplayMessage":false,"stepsCount":0,"attachmentsCount":4,"hasContent":true},{"name":"Create user with PROJECT_ADMIN role in project","time":{"start":1743157829753,"stop":1743157830017,"duration":264},"status":"passed","steps":[],"attachments":[{"uid":"551e2b71c64664f5","name":"Request","source":"551e2b71c64664f5.html","type":"text/html","size":1458},{"uid":"a7985bdc793fc405","name":"HTTP/1.1 200 ","source":"a7985bdc793fc405.html","type":"text/html","size":2225},{"uid":"1647ec798272265d","name":"Request","source":"1647ec798272265d.html","type":"text/html","size":1278},{"uid":"ee650fd4cfed67d8","name":"HTTP/1.1 200 ","source":"ee650fd4cfed67d8.html","type":"text/html","size":2122}],"parameters":[],"shouldDisplayMessage":false,"stepsCount":0,"attachmentsCount":4,"hasContent":true},{"name":"Create buildType for project1 by user2 and check buildType was not created with forbidden code","time":{"start":1743157830017,"stop":1743157830317,"duration":300},"status":"failed","statusMessage":"1 expectation failed.\nResponse body doesn't match expectation.\nExpected: a string containing \"You do not have enough permissions to edit project with id: test_QTzvLYfAAt\\nAccess denied. Check the user has enough permissions to perform the operation.\"\n  Actual: Responding with error, status code: 403 (Forbidden).\nDetails: jetbrains.buildServer.serverSide.auth.AccessDeniedException: You do not have enough permissions to edit project with id: test_DMnVIpPjNj\nAccess denied. Check the user has enough permissions to perform the operation.\n","statusTrace":"java.lang.AssertionError: 1 expectation failed.\nResponse body doesn't match expectation.\nExpected: a string containing \"You do not have enough permissions to edit project with id: test_QTzvLYfAAt\\nAccess denied. Check the user has enough permissions to perform the operation.\"\n  Actual: Responding with error, status code: 403 (Forbidden).\nDetails: jetbrains.buildServer.serverSide.auth.AccessDeniedException: You do not have enough permissions to edit project with id: test_DMnVIpPjNj\nAccess denied. Check the user has enough permissions to perform the operation.\n\n\tat java.base/jdk.internal.reflect.DirectConstructorHandleAccessor.newInstance(DirectConstructorHandleAccessor.java:62)\n\tat java.base/java.lang.reflect.Constructor.newInstanceWithCaller(Constructor.java:502)\n\tat java.base/java.lang.reflect.Constructor.newInstance(Constructor.java:486)\n\tat org.codehaus.groovy.reflection.CachedConstructor.invoke(CachedConstructor.java:73)\n\tat org.codehaus.groovy.runtime.callsite.ConstructorSite$ConstructorSiteNoUnwrapNoCoerce.callConstructor(ConstructorSite.java:108)\n\tat org.codehaus.groovy.runtime.callsite.CallSiteArray.defaultCallConstructor(CallSiteArray.java:57)\n\tat org.codehaus.groovy.runtime.callsite.AbstractCallSite.callConstructor(AbstractCallSite.java:263)\n\tat org.codehaus.groovy.runtime.callsite.AbstractCallSite.callConstructor(AbstractCallSite.java:277)\n\tat io.restassured.internal.ResponseSpecificationImpl$HamcrestAssertionClosure.validate(ResponseSpecificationImpl.groovy:512)\n\tat io.restassured.internal.ResponseSpecificationImpl$HamcrestAssertionClosure$validate$1.call(Unknown Source)\n\tat org.codehaus.groovy.runtime.callsite.CallSiteArray.defaultCall(CallSiteArray.java:45)\n\tat org.codehaus.groovy.runtime.callsite.AbstractCallSite.call(AbstractCallSite.java:125)\n\tat org.codehaus.groovy.runtime.callsite.AbstractCallSite.call(AbstractCallSite.java:139)\n\tat io.restassured.internal.ResponseSpecificationImpl.validate(ResponseSpecificationImpl.groovy:101)\n\tat io.restassured.internal.ValidatableResponseOptionsImpl.spec(ValidatableResponseOptionsImpl.java:288)\n\tat com.example.teamcity.api.BuildTypeTest.lambda$projectAdminCreatesBuildTypeForAnotherUserProjectTest$6(BuildTypeTest.java:98)\n\tat io.qameta.allure.Allure.lambda$step$0(Allure.java:113)\n\tat io.qameta.allure.Allure.lambda$step$1(Allure.java:127)\n\tat io.qameta.allure.Allure.step(Allure.java:181)\n\tat io.qameta.allure.Allure.step(Allure.java:125)\n\tat io.qameta.allure.Allure.step(Allure.java:112)\n\tat com.example.teamcity.api.BuildTypeTest.projectAdminCreatesBuildTypeForAnotherUserProjectTest(BuildTypeTest.java:94)\n\tat java.base/jdk.internal.reflect.DirectMethodHandleAccessor.invoke(DirectMethodHandleAccessor.java:103)\n\tat java.base/java.lang.reflect.Method.invoke(Method.java:580)\n\tat org.testng.internal.invokers.MethodInvocationHelper.invokeMethod(MethodInvocationHelper.java:141)\n\tat org.testng.internal.invokers.TestInvoker.invokeMethod(TestInvoker.java:687)\n\tat org.testng.internal.invokers.TestInvoker.invokeTestMethod(TestInvoker.java:230)\n\tat org.testng.internal.invokers.MethodRunner.runInSequence(MethodRunner.java:63)\n\tat org.testng.internal.invokers.TestInvoker$MethodInvocationAgent.invoke(TestInvoker.java:995)\n\tat org.testng.internal.invokers.TestInvoker.invokeTestMethods(TestInvoker.java:203)\n\tat org.testng.internal.invokers.TestMethodWorker.invokeTestMethods(TestMethodWorker.java:154)\n\tat org.testng.internal.invokers.TestMethodWorker.run(TestMethodWorker.java:134)\n\tat java.base/java.util.ArrayList.forEach(ArrayList.java:1596)\n\tat org.testng.TestRunner.privateRun(TestRunner.java:741)\n\tat org.testng.TestRunner.run(TestRunner.java:616)\n\tat org.testng.SuiteRunner.runTest(SuiteRunner.java:421)\n\tat org.testng.SuiteRunner.runSequentially(SuiteRunner.java:413)\n\tat org.testng.SuiteRunner.privateRun(SuiteRunner.java:373)\n\tat org.testng.SuiteRunner.run(SuiteRunner.java:312)\n\tat org.testng.SuiteRunnerWorker.runSuite(SuiteRunnerWorker.java:52)\n\tat org.testng.SuiteRunnerWorker.run(SuiteRunnerWorker.java:95)\n\tat org.testng.TestNG.runSuitesSequentially(TestNG.java:1274)\n\tat org.testng.TestNG.runSuitesLocally(TestNG.java:1208)\n\tat org.testng.TestNG.runSuites(TestNG.java:1112)\n\tat org.testng.TestNG.run(TestNG.java:1079)\n\tat org.apache.maven.surefire.testng.TestNGExecutor.run(TestNGExecutor.java:155)\n\tat org.apache.maven.surefire.testng.TestNGDirectoryTestSuite.executeMulti(TestNGDirectoryTestSuite.java:169)\n\tat org.apache.maven.surefire.testng.TestNGDirectoryTestSuite.execute(TestNGDirectoryTestSuite.java:88)\n\tat org.apache.maven.surefire.testng.TestNGProvider.invoke(TestNGProvider.java:137)\n\tat org.apache.maven.surefire.booter.ForkedBooter.runSuitesInProcess(ForkedBooter.java:385)\n\tat org.apache.maven.surefire.booter.ForkedBooter.execute(ForkedBooter.java:162)\n\tat org.apache.maven.surefire.booter.ForkedBooter.run(ForkedBooter.java:507)\n\tat org.apache.maven.surefire.booter.ForkedBooter.main(ForkedBooter.java:495)\n","steps":[],"attachments":[{"uid":"f7d5a778dbf263c1","name":"Request","source":"f7d5a778dbf263c1.html","type":"text/html","size":2748},{"uid":"edf8632dca3f325e","name":"HTTP/1.1 403 ","source":"edf8632dca3f325e.html","type":"text/html","size":845}],"parameters":[],"shouldDisplayMessage":true,"stepsCount":0,"attachmentsCount":2,"hasContent":true}],"attachments":[],"parameters":[],"shouldDisplayMessage":false,"stepsCount":3,"attachmentsCount":10,"hasContent":true},"afterStages":[{"name":"afterTest","time":{"start":1743157830352,"stop":1743157830775,"duration":423},"description":"","status":"passed","steps":[],"attachments":[{"uid":"16c4dd193a3149b1","name":"Request","source":"16c4dd193a3149b1.html","type":"text/html","size":515},{"uid":"a7de7116616b9a4a","name":"HTTP/1.1 204 ","source":"a7de7116616b9a4a.html","type":"text/html","size":478},{"uid":"24de74c95c449370","name":"Request","source":"24de74c95c449370.html","type":"text/html","size":515},{"uid":"c937789a19837b13","name":"HTTP/1.1 204 ","source":"c937789a19837b13.html","type":"text/html","size":478},{"uid":"423763c08aadd9ef","name":"Request","source":"423763c08aadd9ef.html","type":"text/html","size":481},{"uid":"c41794be15a78723","name":"HTTP/1.1 204 ","source":"c41794be15a78723.html","type":"text/html","size":478},{"uid":"133e003e3d4500b2","name":"Request","source":"133e003e3d4500b2.html","type":"text/html","size":481},{"uid":"6198112c55981bcd","name":"HTTP/1.1 204 ","source":"6198112c55981bcd.html","type":"text/html","size":478}],"parameters":[],"shouldDisplayMessage":false,"stepsCount":0,"attachmentsCount":8,"hasContent":true}],"labels":[{"name":"package","value":"com.example.teamcity.api.BuildTypeTest"},{"name":"testClass","value":"com.example.teamcity.api.BuildTypeTest"},{"name":"testMethod","value":"projectAdminCreatesBuildTypeForAnotherUserProjectTest"},{"name":"parentSuite","value":"Surefire suite"},{"name":"suite","value":"Surefire test"},{"name":"subSuite","value":"com.example.teamcity.api.BuildTypeTest"},{"name":"host","value":"fv-az792-399"},{"name":"thread","value":"4079@fv-az792-399.main(1)"},{"name":"framework","value":"testng"},{"name":"language","value":"java"},{"name":"resultFormat","value":"allure2"}],"parameters":[],"links":[],"hidden":false,"retry":false,"extra":{"severity":"normal","retries":[],"categories":[{"name":"Product defects","matchedStatuses":[],"flaky":false}],"history":{"statistic":{"failed":2,"broken":0,"skipped":0,"passed":0,"unknown":0,"total":2},"items":[{"uid":"c21c4e2207303512","reportUrl":"https://kharlama.github.io/TeamCity-Testing-Framework/api/61//#testresult/c21c4e2207303512","status":"failed","statusDetails":"1 expectation failed.\nResponse body doesn't match expectation.\nExpected: a string containing \"You do not have enough permissions to edit project with id: test_wMPQybGzLz\\nAccess denied. Check the user has enough permissions to perform the operation.\"\n  Actual: Responding with error, status code: 403 (Forbidden).\nDetails: jetbrains.buildServer.serverSide.auth.AccessDeniedException: You do not have enough permissions to edit project with id: test_VxsfBTInHx\nAccess denied. Check the user has enough permissions to perform the operation.\n","time":{"start":1743156923386,"stop":1743156927003,"duration":3617}}]},"tags":[]},"source":"9d6ecb3be79c5808.json","parameterValues":[]}