{"uid":"7762dfb9d4264385","name":"User should be able to create build","fullName":"com.example.teamcity.ui.CreateBuildTest.userCreatesBuildConfiguration","historyId":"6dd93ea67dc5100fc1c005ef2016950d","time":{"start":1743166756156,"stop":1743166809540,"duration":53384},"status":"broken","statusMessage":"Failed to create new instance of class com.example.teamcity.ui.pages.ProjectBuildsPage","statusTrace":"com.codeborne.selenide.ex.PageObjectException: Failed to create new instance of class com.example.teamcity.ui.pages.ProjectBuildsPage\n\tat com.codeborne.selenide.impl.SelenidePageFactory.page(SelenidePageFactory.java:46)\n\tat com.codeborne.selenide.SelenideDriver.page(SelenideDriver.java:131)\n\tat com.codeborne.selenide.SelenideDriver.open(SelenideDriver.java:108)\n\tat com.codeborne.selenide.Selenide.open(Selenide.java:180)\n\tat com.example.teamcity.ui.pages.ProjectBuildsPage.open(ProjectBuildsPage.java:24)\n\tat com.example.teamcity.ui.CreateBuildTest.userCreatesBuildConfiguration(CreateBuildTest.java:35)\n\tat java.base/jdk.internal.reflect.DirectMethodHandleAccessor.invoke(DirectMethodHandleAccessor.java:103)\n\tat java.base/java.lang.reflect.Method.invoke(Method.java:580)\n\tat org.testng.internal.invokers.MethodInvocationHelper.invokeMethod(MethodInvocationHelper.java:141)\n\tat org.testng.internal.invokers.TestInvoker.invokeMethod(TestInvoker.java:687)\n\tat org.testng.internal.invokers.TestInvoker.invokeTestMethod(TestInvoker.java:230)\n\tat org.testng.internal.invokers.MethodRunner.runInSequence(MethodRunner.java:63)\n\tat org.testng.internal.invokers.TestInvoker$MethodInvocationAgent.invoke(TestInvoker.java:995)\n\tat org.testng.internal.invokers.TestInvoker.invokeTestMethods(TestInvoker.java:203)\n\tat org.testng.internal.invokers.TestMethodWorker.invokeTestMethods(TestMethodWorker.java:154)\n\tat org.testng.internal.invokers.TestMethodWorker.run(TestMethodWorker.java:134)\n\tat java.base/java.util.ArrayList.forEach(ArrayList.java:1596)\n\tat org.testng.TestRunner.privateRun(TestRunner.java:741)\n\tat org.testng.TestRunner.run(TestRunner.java:616)\n\tat org.testng.SuiteRunner.runTest(SuiteRunner.java:421)\n\tat org.testng.SuiteRunner.runSequentially(SuiteRunner.java:413)\n\tat org.testng.SuiteRunner.privateRun(SuiteRunner.java:373)\n\tat org.testng.SuiteRunner.run(SuiteRunner.java:312)\n\tat org.testng.SuiteRunnerWorker.runSuite(SuiteRunnerWorker.java:52)\n\tat org.testng.SuiteRunnerWorker.run(SuiteRunnerWorker.java:95)\n\tat org.testng.TestNG.runSuitesSequentially(TestNG.java:1274)\n\tat org.testng.TestNG.runSuitesLocally(TestNG.java:1208)\n\tat org.testng.TestNG.runSuites(TestNG.java:1112)\n\tat org.testng.TestNG.run(TestNG.java:1079)\n\tat org.apache.maven.surefire.testng.TestNGExecutor.run(TestNGExecutor.java:155)\n\tat org.apache.maven.surefire.testng.TestNGDirectoryTestSuite.executeMulti(TestNGDirectoryTestSuite.java:169)\n\tat org.apache.maven.surefire.testng.TestNGDirectoryTestSuite.execute(TestNGDirectoryTestSuite.java:88)\n\tat org.apache.maven.surefire.testng.TestNGProvider.invoke(TestNGProvider.java:137)\n\tat org.apache.maven.surefire.booter.ForkedBooter.runSuitesInProcess(ForkedBooter.java:385)\n\tat org.apache.maven.surefire.booter.ForkedBooter.execute(ForkedBooter.java:162)\n\tat org.apache.maven.surefire.booter.ForkedBooter.run(ForkedBooter.java:507)\n\tat org.apache.maven.surefire.booter.ForkedBooter.main(ForkedBooter.java:495)\nCaused by: java.lang.reflect.InvocationTargetException\n\tat java.base/jdk.internal.reflect.DirectConstructorHandleAccessor.newInstance(DirectConstructorHandleAccessor.java:74)\n\tat java.base/java.lang.reflect.Constructor.newInstanceWithCaller(Constructor.java:502)\n\tat java.base/java.lang.reflect.Constructor.newInstance(Constructor.java:486)\n\tat com.codeborne.selenide.impl.SelenidePageFactory.page(SelenidePageFactory.java:43)\n\t... 36 more\nCaused by: Element not found {[class*='ModeSwitch__header']}\nExpected: visible\nScreenshot: file:/home/runner/work/TeamCity-Testing-Framework/TeamCity-Testing-Framework/build/reports/tests/1743166809074.0.png\nPage source: file:/home/runner/work/TeamCity-Testing-Framework/TeamCity-Testing-Framework/build/reports/tests/1743166809074.0.html\nTimeout: 40 s.\nCaused by: NoSuchElementException: no such element: Unable to locate element: {\"method\":\"css selector\",\"selector\":\"[class*='ModeSwitch__header']\"}\n\tat com.codeborne.selenide.impl.WebElementSource.createElementNotFoundError(WebElementSource.java:68)\n\tat com.codeborne.selenide.impl.ElementFinder.createElementNotFoundError(ElementFinder.java:122)\n\tat com.codeborne.selenide.impl.WebElementSource.handleError(WebElementSource.java:119)\n\tat com.codeborne.selenide.impl.WebElementSource.checkConditionAndReturnElement(WebElementSource.java:102)\n\tat com.codeborne.selenide.impl.WebElementSource.checkCondition(WebElementSource.java:78)\n\tat com.codeborne.selenide.commands.Should.execute(Should.java:24)\n\tat com.codeborne.selenide.FluentCommand.execute(FluentCommand.java:27)\n\tat com.codeborne.selenide.FluentCommand.execute(FluentCommand.java:19)\n\tat com.codeborne.selenide.commands.Commands.execute(Commands.java:160)\n\tat com.codeborne.selenide.impl.SelenideElementProxy.dispatchAndRetry(SelenideElementProxy.java:131)\n\tat com.codeborne.selenide.impl.SelenideElementProxy.invoke(SelenideElementProxy.java:83)\n\tat jdk.proxy2/jdk.proxy2.$Proxy32.shouldBe(Unknown Source)\n\tat com.example.teamcity.ui.pages.ProjectBuildsPage.<init>(ProjectBuildsPage.java:20)\n\tat java.base/jdk.internal.reflect.DirectConstructorHandleAccessor.newInstance(DirectConstructorHandleAccessor.java:62)\n\t... 39 more\nCaused by: org.openqa.selenium.NoSuchElementException: no such element: Unable to locate element: {\"method\":\"css selector\",\"selector\":\"[class*='ModeSwitch__header']\"}\n  (Session info: chrome=121.0.6167.85)\nFor documentation on this error, please visit: https://www.selenium.dev/documentation/webdriver/troubleshooting/errors#no-such-element-exception\nBuild info: version: '4.29.0', revision: '5fc1ec94cb'\nSystem info: os.name: 'Linux', os.arch: 'amd64', os.version: '6.8.0-1021-azure', java.version: '21.0.6'\nDriver info: org.openqa.selenium.remote.RemoteWebDriver\nCommand: [4cbde1e90fdec601e8f71f92ef22deae, findElement {value=[class*='ModeSwitch__header'], using=css selector}]\nCapabilities {acceptInsecureCerts: true, browserName: chrome, browserVersion: 121.0.6167.85, chrome: {chromedriverVersion: 121.0.6167.85 (3f98d690ad7e..., userDataDir: /tmp/.org.chromium.Chromium...}, fedcm:accounts: true, goog:chromeOptions: {debuggerAddress: localhost:33699}, networkConnectionEnabled: false, pageLoadStrategy: normal, platformName: linux, proxy: Proxy(), se:cdp: ws://localhost:4444/devtool..., se:cdpVersion: 121.0.6167.85, setWindowRect: true, strictFileInteractability: false, timeouts: {implicit: 0, pageLoad: 300000, script: 30000}, unhandledPromptBehavior: accept, webauthn:extension:credBlob: true, webauthn:extension:largeBlob: true, webauthn:extension:minPinLength: true, webauthn:extension:prf: true, webauthn:virtualAuthenticators: true}\nSession ID: 4cbde1e90fdec601e8f71f92ef22deae\n\tat java.base/jdk.internal.reflect.DirectConstructorHandleAccessor.newInstance(DirectConstructorHandleAccessor.java:62)\n\tat java.base/java.lang.reflect.Constructor.newInstanceWithCaller(Constructor.java:502)\n\tat java.base/java.lang.reflect.Constructor.newInstance(Constructor.java:486)\n\tat org.openqa.selenium.remote.ErrorCodec.decode(ErrorCodec.java:167)\n\tat org.openqa.selenium.remote.codec.w3c.W3CHttpResponseCodec.decode(W3CHttpResponseCodec.java:138)\n\tat org.openqa.selenium.remote.codec.w3c.W3CHttpResponseCodec.decode(W3CHttpResponseCodec.java:50)\n\tat org.openqa.selenium.remote.HttpCommandExecutor.execute(HttpCommandExecutor.java:215)\n\tat org.openqa.selenium.remote.RemoteWebDriver.execute(RemoteWebDriver.java:545)\n\tat org.openqa.selenium.remote.ElementLocation$ElementFinder$2.findElement(ElementLocation.java:165)\n\tat org.openqa.selenium.remote.ElementLocation.findElement(ElementLocation.java:59)\n\tat org.openqa.selenium.remote.RemoteWebDriver.findElement(RemoteWebDriver.java:368)\n\tat org.openqa.selenium.remote.RemoteWebDriver.findElement(RemoteWebDriver.java:362)\n\tat com.codeborne.selenide.impl.WebElementSelector.findElement(WebElementSelector.java:64)\n\tat com.codeborne.selenide.impl.WebElementSelector.findElement(WebElementSelector.java:39)\n\tat com.codeborne.selenide.impl.WebElementSelector.findElement(WebElementSelector.java:30)\n\tat com.codeborne.selenide.impl.ElementFinder.getWebElement(ElementFinder.java:106)\n\tat com.codeborne.selenide.impl.WebElementSource.checkConditionAndReturnElement(WebElementSource.java:91)\n\t... 49 more\n","flaky":false,"newFailed":false,"newBroken":true,"newPassed":false,"retriesCount":0,"retriesStatusChange":false,"beforeStages":[{"name":"beforeTest","time":{"start":1743166756149,"stop":1743166756154,"duration":5},"description":"","status":"passed","steps":[],"attachments":[],"parameters":[],"shouldDisplayMessage":false,"stepsCount":0,"attachmentsCount":0,"hasContent":false}],"testStage":{"status":"broken","statusMessage":"Failed to create new instance of class com.example.teamcity.ui.pages.ProjectBuildsPage","statusTrace":"com.codeborne.selenide.ex.PageObjectException: Failed to create new instance of class com.example.teamcity.ui.pages.ProjectBuildsPage\n\tat com.codeborne.selenide.impl.SelenidePageFactory.page(SelenidePageFactory.java:46)\n\tat com.codeborne.selenide.SelenideDriver.page(SelenideDriver.java:131)\n\tat com.codeborne.selenide.SelenideDriver.open(SelenideDriver.java:108)\n\tat com.codeborne.selenide.Selenide.open(Selenide.java:180)\n\tat com.example.teamcity.ui.pages.ProjectBuildsPage.open(ProjectBuildsPage.java:24)\n\tat com.example.teamcity.ui.CreateBuildTest.userCreatesBuildConfiguration(CreateBuildTest.java:35)\n\tat java.base/jdk.internal.reflect.DirectMethodHandleAccessor.invoke(DirectMethodHandleAccessor.java:103)\n\tat java.base/java.lang.reflect.Method.invoke(Method.java:580)\n\tat org.testng.internal.invokers.MethodInvocationHelper.invokeMethod(MethodInvocationHelper.java:141)\n\tat org.testng.internal.invokers.TestInvoker.invokeMethod(TestInvoker.java:687)\n\tat org.testng.internal.invokers.TestInvoker.invokeTestMethod(TestInvoker.java:230)\n\tat org.testng.internal.invokers.MethodRunner.runInSequence(MethodRunner.java:63)\n\tat org.testng.internal.invokers.TestInvoker$MethodInvocationAgent.invoke(TestInvoker.java:995)\n\tat org.testng.internal.invokers.TestInvoker.invokeTestMethods(TestInvoker.java:203)\n\tat org.testng.internal.invokers.TestMethodWorker.invokeTestMethods(TestMethodWorker.java:154)\n\tat org.testng.internal.invokers.TestMethodWorker.run(TestMethodWorker.java:134)\n\tat java.base/java.util.ArrayList.forEach(ArrayList.java:1596)\n\tat org.testng.TestRunner.privateRun(TestRunner.java:741)\n\tat org.testng.TestRunner.run(TestRunner.java:616)\n\tat org.testng.SuiteRunner.runTest(SuiteRunner.java:421)\n\tat org.testng.SuiteRunner.runSequentially(SuiteRunner.java:413)\n\tat org.testng.SuiteRunner.privateRun(SuiteRunner.java:373)\n\tat org.testng.SuiteRunner.run(SuiteRunner.java:312)\n\tat org.testng.SuiteRunnerWorker.runSuite(SuiteRunnerWorker.java:52)\n\tat org.testng.SuiteRunnerWorker.run(SuiteRunnerWorker.java:95)\n\tat org.testng.TestNG.runSuitesSequentially(TestNG.java:1274)\n\tat org.testng.TestNG.runSuitesLocally(TestNG.java:1208)\n\tat org.testng.TestNG.runSuites(TestNG.java:1112)\n\tat org.testng.TestNG.run(TestNG.java:1079)\n\tat org.apache.maven.surefire.testng.TestNGExecutor.run(TestNGExecutor.java:155)\n\tat org.apache.maven.surefire.testng.TestNGDirectoryTestSuite.executeMulti(TestNGDirectoryTestSuite.java:169)\n\tat org.apache.maven.surefire.testng.TestNGDirectoryTestSuite.execute(TestNGDirectoryTestSuite.java:88)\n\tat org.apache.maven.surefire.testng.TestNGProvider.invoke(TestNGProvider.java:137)\n\tat org.apache.maven.surefire.booter.ForkedBooter.runSuitesInProcess(ForkedBooter.java:385)\n\tat org.apache.maven.surefire.booter.ForkedBooter.execute(ForkedBooter.java:162)\n\tat org.apache.maven.surefire.booter.ForkedBooter.run(ForkedBooter.java:507)\n\tat org.apache.maven.surefire.booter.ForkedBooter.main(ForkedBooter.java:495)\nCaused by: java.lang.reflect.InvocationTargetException\n\tat java.base/jdk.internal.reflect.DirectConstructorHandleAccessor.newInstance(DirectConstructorHandleAccessor.java:74)\n\tat java.base/java.lang.reflect.Constructor.newInstanceWithCaller(Constructor.java:502)\n\tat java.base/java.lang.reflect.Constructor.newInstance(Constructor.java:486)\n\tat com.codeborne.selenide.impl.SelenidePageFactory.page(SelenidePageFactory.java:43)\n\t... 36 more\nCaused by: Element not found {[class*='ModeSwitch__header']}\nExpected: visible\nScreenshot: file:/home/runner/work/TeamCity-Testing-Framework/TeamCity-Testing-Framework/build/reports/tests/1743166809074.0.png\nPage source: file:/home/runner/work/TeamCity-Testing-Framework/TeamCity-Testing-Framework/build/reports/tests/1743166809074.0.html\nTimeout: 40 s.\nCaused by: NoSuchElementException: no such element: Unable to locate element: {\"method\":\"css selector\",\"selector\":\"[class*='ModeSwitch__header']\"}\n\tat com.codeborne.selenide.impl.WebElementSource.createElementNotFoundError(WebElementSource.java:68)\n\tat com.codeborne.selenide.impl.ElementFinder.createElementNotFoundError(ElementFinder.java:122)\n\tat com.codeborne.selenide.impl.WebElementSource.handleError(WebElementSource.java:119)\n\tat com.codeborne.selenide.impl.WebElementSource.checkConditionAndReturnElement(WebElementSource.java:102)\n\tat com.codeborne.selenide.impl.WebElementSource.checkCondition(WebElementSource.java:78)\n\tat com.codeborne.selenide.commands.Should.execute(Should.java:24)\n\tat com.codeborne.selenide.FluentCommand.execute(FluentCommand.java:27)\n\tat com.codeborne.selenide.FluentCommand.execute(FluentCommand.java:19)\n\tat com.codeborne.selenide.commands.Commands.execute(Commands.java:160)\n\tat com.codeborne.selenide.impl.SelenideElementProxy.dispatchAndRetry(SelenideElementProxy.java:131)\n\tat com.codeborne.selenide.impl.SelenideElementProxy.invoke(SelenideElementProxy.java:83)\n\tat jdk.proxy2/jdk.proxy2.$Proxy32.shouldBe(Unknown Source)\n\tat com.example.teamcity.ui.pages.ProjectBuildsPage.<init>(ProjectBuildsPage.java:20)\n\tat java.base/jdk.internal.reflect.DirectConstructorHandleAccessor.newInstance(DirectConstructorHandleAccessor.java:62)\n\t... 39 more\nCaused by: org.openqa.selenium.NoSuchElementException: no such element: Unable to locate element: {\"method\":\"css selector\",\"selector\":\"[class*='ModeSwitch__header']\"}\n  (Session info: chrome=121.0.6167.85)\nFor documentation on this error, please visit: https://www.selenium.dev/documentation/webdriver/troubleshooting/errors#no-such-element-exception\nBuild info: version: '4.29.0', revision: '5fc1ec94cb'\nSystem info: os.name: 'Linux', os.arch: 'amd64', os.version: '6.8.0-1021-azure', java.version: '21.0.6'\nDriver info: org.openqa.selenium.remote.RemoteWebDriver\nCommand: [4cbde1e90fdec601e8f71f92ef22deae, findElement {value=[class*='ModeSwitch__header'], using=css selector}]\nCapabilities {acceptInsecureCerts: true, browserName: chrome, browserVersion: 121.0.6167.85, chrome: {chromedriverVersion: 121.0.6167.85 (3f98d690ad7e..., userDataDir: /tmp/.org.chromium.Chromium...}, fedcm:accounts: true, goog:chromeOptions: {debuggerAddress: localhost:33699}, networkConnectionEnabled: false, pageLoadStrategy: normal, platformName: linux, proxy: Proxy(), se:cdp: ws://localhost:4444/devtool..., se:cdpVersion: 121.0.6167.85, setWindowRect: true, strictFileInteractability: false, timeouts: {implicit: 0, pageLoad: 300000, script: 30000}, unhandledPromptBehavior: accept, webauthn:extension:credBlob: true, webauthn:extension:largeBlob: true, webauthn:extension:minPinLength: true, webauthn:extension:prf: true, webauthn:virtualAuthenticators: true}\nSession ID: 4cbde1e90fdec601e8f71f92ef22deae\n\tat java.base/jdk.internal.reflect.DirectConstructorHandleAccessor.newInstance(DirectConstructorHandleAccessor.java:62)\n\tat java.base/java.lang.reflect.Constructor.newInstanceWithCaller(Constructor.java:502)\n\tat java.base/java.lang.reflect.Constructor.newInstance(Constructor.java:486)\n\tat org.openqa.selenium.remote.ErrorCodec.decode(ErrorCodec.java:167)\n\tat org.openqa.selenium.remote.codec.w3c.W3CHttpResponseCodec.decode(W3CHttpResponseCodec.java:138)\n\tat org.openqa.selenium.remote.codec.w3c.W3CHttpResponseCodec.decode(W3CHttpResponseCodec.java:50)\n\tat org.openqa.selenium.remote.HttpCommandExecutor.execute(HttpCommandExecutor.java:215)\n\tat org.openqa.selenium.remote.RemoteWebDriver.execute(RemoteWebDriver.java:545)\n\tat org.openqa.selenium.remote.ElementLocation$ElementFinder$2.findElement(ElementLocation.java:165)\n\tat org.openqa.selenium.remote.ElementLocation.findElement(ElementLocation.java:59)\n\tat org.openqa.selenium.remote.RemoteWebDriver.findElement(RemoteWebDriver.java:368)\n\tat org.openqa.selenium.remote.RemoteWebDriver.findElement(RemoteWebDriver.java:362)\n\tat com.codeborne.selenide.impl.WebElementSelector.findElement(WebElementSelector.java:64)\n\tat com.codeborne.selenide.impl.WebElementSelector.findElement(WebElementSelector.java:39)\n\tat com.codeborne.selenide.impl.WebElementSelector.findElement(WebElementSelector.java:30)\n\tat com.codeborne.selenide.impl.ElementFinder.getWebElement(ElementFinder.java:106)\n\tat com.codeborne.selenide.impl.WebElementSource.checkConditionAndReturnElement(WebElementSource.java:91)\n\t... 49 more\n","steps":[{"name":"Open login page","time":{"start":1743166756315,"stop":1743166758714,"duration":2399},"status":"passed","steps":[{"name":"$(\"open\") http://172.17.0.1:8111/login.html","time":{"start":1743166756315,"stop":1743166758714,"duration":2399},"status":"passed","steps":[{"name":"$(\"webdriver\") create()","time":{"start":1743166756315,"stop":1743166757814,"duration":1499},"status":"passed","steps":[],"attachments":[],"parameters":[],"shouldDisplayMessage":false,"stepsCount":0,"attachmentsCount":0,"hasContent":false}],"attachments":[],"parameters":[],"shouldDisplayMessage":false,"stepsCount":1,"attachmentsCount":0,"hasContent":true}],"attachments":[],"parameters":[],"shouldDisplayMessage":false,"stepsCount":2,"attachmentsCount":0,"hasContent":true},{"name":"Login as test_PPZOAQKOPX","time":{"start":1743166758714,"stop":1743166761508,"duration":2794},"status":"passed","steps":[{"name":"$(\"#username\") val(test_PPZOAQKOPX)","time":{"start":1743166758714,"stop":1743166759093,"duration":379},"status":"passed","steps":[],"attachments":[],"parameters":[],"shouldDisplayMessage":false,"stepsCount":0,"attachmentsCount":0,"hasContent":false},{"name":"$(\"#password\") val(test_LcWmBFBtRo)","time":{"start":1743166759093,"stop":1743166759292,"duration":199},"status":"passed","steps":[],"attachments":[],"parameters":[],"shouldDisplayMessage":false,"stepsCount":0,"attachmentsCount":0,"hasContent":false},{"name":"$(\".loginButton\") click()","time":{"start":1743166759292,"stop":1743166759430,"duration":138},"status":"passed","steps":[],"attachments":[],"parameters":[],"shouldDisplayMessage":false,"stepsCount":0,"attachmentsCount":0,"hasContent":false},{"name":"$(\".MainPanel__router--gF > div\") should be([visible, 40 s.])","time":{"start":1743166759430,"stop":1743166761508,"duration":2078},"status":"passed","steps":[],"attachments":[],"parameters":[],"shouldDisplayMessage":false,"stepsCount":0,"attachmentsCount":0,"hasContent":false}],"attachments":[],"parameters":[{"name":"user","value":"User(id=null, username=test_PPZOAQKOPX, password=test_LcWmBFBtRo, roles=Roles(role=[Role(roleId=SYSTEM_ADMIN, scope=g)]))"}],"shouldDisplayMessage":false,"stepsCount":4,"attachmentsCount":0,"hasContent":true},{"name":"$(\"open\") http://172.17.0.1:8111/admin/createObjectMenu.html?projectId=test_neLnGswCcL&showMode=createBuildTypeMenu","time":{"start":1743166761690,"stop":1743166762684,"duration":994},"status":"passed","steps":[],"attachments":[],"parameters":[],"shouldDisplayMessage":false,"stepsCount":0,"attachmentsCount":0,"hasContent":false},{"name":"$(\"#url\") val(https://github.com/AlexPshe/spring-core-for-qa)","time":{"start":1743166762685,"stop":1743166763227,"duration":542},"status":"passed","steps":[],"attachments":[],"parameters":[],"shouldDisplayMessage":false,"stepsCount":0,"attachmentsCount":0,"hasContent":false},{"name":"$(\"[value=\"Proceed\"]\") click()","time":{"start":1743166763227,"stop":1743166763354,"duration":127},"status":"passed","steps":[],"attachments":[],"parameters":[],"shouldDisplayMessage":false,"stepsCount":0,"attachmentsCount":0,"hasContent":false},{"name":"$(\".connectionSuccessful\") should([be visible, 40 s.])","time":{"start":1743166763355,"stop":1743166766451,"duration":3096},"status":"passed","steps":[],"attachments":[],"parameters":[],"shouldDisplayMessage":false,"stepsCount":0,"attachmentsCount":0,"hasContent":false},{"name":"$(\"#buildTypeName\") val(test_ynwcusnTOx)","time":{"start":1743166766451,"stop":1743166766609,"duration":158},"status":"passed","steps":[],"attachments":[],"parameters":[],"shouldDisplayMessage":false,"stepsCount":0,"attachmentsCount":0,"hasContent":false},{"name":"$(\"[value=\"Proceed\"]\") click()","time":{"start":1743166766609,"stop":1743166766697,"duration":88},"status":"passed","steps":[],"attachments":[],"parameters":[],"shouldDisplayMessage":false,"stepsCount":0,"attachmentsCount":0,"hasContent":false},{"name":"$(\"open\") http://172.17.0.1:8111/project/test_neLnGswCcL?mode=builds","time":{"start":1743166766699,"stop":1743166768911,"duration":2212},"status":"passed","steps":[],"attachments":[],"parameters":[],"shouldDisplayMessage":false,"stepsCount":0,"attachmentsCount":0,"hasContent":false},{"name":"$(\"[class*='ModeSwitch__header']\") should be([visible, 40 s.])","time":{"start":1743166768912,"stop":1743166809538,"duration":40626},"status":"failed","statusMessage":"Element not found {[class*='ModeSwitch__header']}\nExpected: visible\nScreenshot: file:/home/runner/work/TeamCity-Testing-Framework/TeamCity-Testing-Framework/build/reports/tests/1743166809074.0.png\nPage source: file:/home/runner/work/TeamCity-Testing-Framework/TeamCity-Testing-Framework/build/reports/tests/1743166809074.0.html\nTimeout: 40 s.\nCaused by: NoSuchElementException: no such element: Unable to locate element: {\"method\":\"css selector\",\"selector\":\"[class*='ModeSwitch__header']\"}","statusTrace":"Element not found {[class*='ModeSwitch__header']}\nExpected: visible\nScreenshot: file:/home/runner/work/TeamCity-Testing-Framework/TeamCity-Testing-Framework/build/reports/tests/1743166809074.0.png\nPage source: file:/home/runner/work/TeamCity-Testing-Framework/TeamCity-Testing-Framework/build/reports/tests/1743166809074.0.html\nTimeout: 40 s.\nCaused by: NoSuchElementException: no such element: Unable to locate element: {\"method\":\"css selector\",\"selector\":\"[class*='ModeSwitch__header']\"}\n\tat com.codeborne.selenide.impl.WebElementSource.createElementNotFoundError(WebElementSource.java:68)\n\tat com.codeborne.selenide.impl.ElementFinder.createElementNotFoundError(ElementFinder.java:122)\n\tat com.codeborne.selenide.impl.WebElementSource.handleError(WebElementSource.java:119)\n\tat com.codeborne.selenide.impl.WebElementSource.checkConditionAndReturnElement(WebElementSource.java:102)\n\tat com.codeborne.selenide.impl.WebElementSource.checkCondition(WebElementSource.java:78)\n\tat com.codeborne.selenide.commands.Should.execute(Should.java:24)\n\tat com.codeborne.selenide.FluentCommand.execute(FluentCommand.java:27)\n\tat com.codeborne.selenide.FluentCommand.execute(FluentCommand.java:19)\n\tat com.codeborne.selenide.commands.Commands.execute(Commands.java:160)\n\tat com.codeborne.selenide.impl.SelenideElementProxy.dispatchAndRetry(SelenideElementProxy.java:131)\n\tat com.codeborne.selenide.impl.SelenideElementProxy.invoke(SelenideElementProxy.java:83)\n\tat jdk.proxy2/jdk.proxy2.$Proxy32.shouldBe(Unknown Source)\n\tat com.example.teamcity.ui.pages.ProjectBuildsPage.<init>(ProjectBuildsPage.java:20)\n\tat java.base/jdk.internal.reflect.DirectConstructorHandleAccessor.newInstance(DirectConstructorHandleAccessor.java:62)\n\tat java.base/java.lang.reflect.Constructor.newInstanceWithCaller(Constructor.java:502)\n\tat java.base/java.lang.reflect.Constructor.newInstance(Constructor.java:486)\n\tat com.codeborne.selenide.impl.SelenidePageFactory.page(SelenidePageFactory.java:43)\n\tat com.codeborne.selenide.SelenideDriver.page(SelenideDriver.java:131)\n\tat com.codeborne.selenide.SelenideDriver.open(SelenideDriver.java:108)\n\tat com.codeborne.selenide.Selenide.open(Selenide.java:180)\n\tat com.example.teamcity.ui.pages.ProjectBuildsPage.open(ProjectBuildsPage.java:24)\n\tat com.example.teamcity.ui.CreateBuildTest.userCreatesBuildConfiguration(CreateBuildTest.java:35)\n\tat java.base/jdk.internal.reflect.DirectMethodHandleAccessor.invoke(DirectMethodHandleAccessor.java:103)\n\tat java.base/java.lang.reflect.Method.invoke(Method.java:580)\n\tat org.testng.internal.invokers.MethodInvocationHelper.invokeMethod(MethodInvocationHelper.java:141)\n\tat org.testng.internal.invokers.TestInvoker.invokeMethod(TestInvoker.java:687)\n\tat org.testng.internal.invokers.TestInvoker.invokeTestMethod(TestInvoker.java:230)\n\tat org.testng.internal.invokers.MethodRunner.runInSequence(MethodRunner.java:63)\n\tat org.testng.internal.invokers.TestInvoker$MethodInvocationAgent.invoke(TestInvoker.java:995)\n\tat org.testng.internal.invokers.TestInvoker.invokeTestMethods(TestInvoker.java:203)\n\tat org.testng.internal.invokers.TestMethodWorker.invokeTestMethods(TestMethodWorker.java:154)\n\tat org.testng.internal.invokers.TestMethodWorker.run(TestMethodWorker.java:134)\n\tat java.base/java.util.ArrayList.forEach(ArrayList.java:1596)\n\tat org.testng.TestRunner.privateRun(TestRunner.java:741)\n\tat org.testng.TestRunner.run(TestRunner.java:616)\n\tat org.testng.SuiteRunner.runTest(SuiteRunner.java:421)\n\tat org.testng.SuiteRunner.runSequentially(SuiteRunner.java:413)\n\tat org.testng.SuiteRunner.privateRun(SuiteRunner.java:373)\n\tat org.testng.SuiteRunner.run(SuiteRunner.java:312)\n\tat org.testng.SuiteRunnerWorker.runSuite(SuiteRunnerWorker.java:52)\n\tat org.testng.SuiteRunnerWorker.run(SuiteRunnerWorker.java:95)\n\tat org.testng.TestNG.runSuitesSequentially(TestNG.java:1274)\n\tat org.testng.TestNG.runSuitesLocally(TestNG.java:1208)\n\tat org.testng.TestNG.runSuites(TestNG.java:1112)\n\tat org.testng.TestNG.run(TestNG.java:1079)\n\tat org.apache.maven.surefire.testng.TestNGExecutor.run(TestNGExecutor.java:155)\n\tat org.apache.maven.surefire.testng.TestNGDirectoryTestSuite.executeMulti(TestNGDirectoryTestSuite.java:169)\n\tat org.apache.maven.surefire.testng.TestNGDirectoryTestSuite.execute(TestNGDirectoryTestSuite.java:88)\n\tat org.apache.maven.surefire.testng.TestNGProvider.invoke(TestNGProvider.java:137)\n\tat org.apache.maven.surefire.booter.ForkedBooter.runSuitesInProcess(ForkedBooter.java:385)\n\tat org.apache.maven.surefire.booter.ForkedBooter.execute(ForkedBooter.java:162)\n\tat org.apache.maven.surefire.booter.ForkedBooter.run(ForkedBooter.java:507)\n\tat org.apache.maven.surefire.booter.ForkedBooter.main(ForkedBooter.java:495)\nCaused by: org.openqa.selenium.NoSuchElementException: no such element: Unable to locate element: {\"method\":\"css selector\",\"selector\":\"[class*='ModeSwitch__header']\"}\n  (Session info: chrome=121.0.6167.85)\nFor documentation on this error, please visit: https://www.selenium.dev/documentation/webdriver/troubleshooting/errors#no-such-element-exception\nBuild info: version: '4.29.0', revision: '5fc1ec94cb'\nSystem info: os.name: 'Linux', os.arch: 'amd64', os.version: '6.8.0-1021-azure', java.version: '21.0.6'\nDriver info: org.openqa.selenium.remote.RemoteWebDriver\nCommand: [4cbde1e90fdec601e8f71f92ef22deae, findElement {value=[class*='ModeSwitch__header'], using=css selector}]\nCapabilities {acceptInsecureCerts: true, browserName: chrome, browserVersion: 121.0.6167.85, chrome: {chromedriverVersion: 121.0.6167.85 (3f98d690ad7e..., userDataDir: /tmp/.org.chromium.Chromium...}, fedcm:accounts: true, goog:chromeOptions: {debuggerAddress: localhost:33699}, networkConnectionEnabled: false, pageLoadStrategy: normal, platformName: linux, proxy: Proxy(), se:cdp: ws://localhost:4444/devtool..., se:cdpVersion: 121.0.6167.85, setWindowRect: true, strictFileInteractability: false, timeouts: {implicit: 0, pageLoad: 300000, script: 30000}, unhandledPromptBehavior: accept, webauthn:extension:credBlob: true, webauthn:extension:largeBlob: true, webauthn:extension:minPinLength: true, webauthn:extension:prf: true, webauthn:virtualAuthenticators: true}\nSession ID: 4cbde1e90fdec601e8f71f92ef22deae\n\tat java.base/jdk.internal.reflect.DirectConstructorHandleAccessor.newInstance(DirectConstructorHandleAccessor.java:62)\n\tat java.base/java.lang.reflect.Constructor.newInstanceWithCaller(Constructor.java:502)\n\tat java.base/java.lang.reflect.Constructor.newInstance(Constructor.java:486)\n\tat org.openqa.selenium.remote.ErrorCodec.decode(ErrorCodec.java:167)\n\tat org.openqa.selenium.remote.codec.w3c.W3CHttpResponseCodec.decode(W3CHttpResponseCodec.java:138)\n\tat org.openqa.selenium.remote.codec.w3c.W3CHttpResponseCodec.decode(W3CHttpResponseCodec.java:50)\n\tat org.openqa.selenium.remote.HttpCommandExecutor.execute(HttpCommandExecutor.java:215)\n\tat org.openqa.selenium.remote.RemoteWebDriver.execute(RemoteWebDriver.java:545)\n\tat org.openqa.selenium.remote.ElementLocation$ElementFinder$2.findElement(ElementLocation.java:165)\n\tat org.openqa.selenium.remote.ElementLocation.findElement(ElementLocation.java:59)\n\tat org.openqa.selenium.remote.RemoteWebDriver.findElement(RemoteWebDriver.java:368)\n\tat org.openqa.selenium.remote.RemoteWebDriver.findElement(RemoteWebDriver.java:362)\n\tat com.codeborne.selenide.impl.WebElementSelector.findElement(WebElementSelector.java:64)\n\tat com.codeborne.selenide.impl.WebElementSelector.findElement(WebElementSelector.java:39)\n\tat com.codeborne.selenide.impl.WebElementSelector.findElement(WebElementSelector.java:30)\n\tat com.codeborne.selenide.impl.ElementFinder.getWebElement(ElementFinder.java:106)\n\tat com.codeborne.selenide.impl.WebElementSource.checkConditionAndReturnElement(WebElementSource.java:91)\n\t... 49 more\n","steps":[],"attachments":[{"uid":"a8c244aee8220b3b","name":"Screenshot","source":"a8c244aee8220b3b.png","type":"image/png","size":132616},{"uid":"bd26854ea5865bd1","name":"Page source","source":"bd26854ea5865bd1.html","type":"text/html","size":220525}],"parameters":[],"shouldDisplayMessage":true,"stepsCount":0,"attachmentsCount":2,"hasContent":true}],"attachments":[{"uid":"dc1a2a1601893f8c","name":"Request","source":"dc1a2a1601893f8c.html","type":"text/html","size":1244},{"uid":"bd0d64a0af5cd9ff","name":"HTTP/1.1 200 ","source":"bd0d64a0af5cd9ff.html","type":"text/html","size":2088},{"uid":"7c0f806b48400d2a","name":"Request","source":"7c0f806b48400d2a.html","type":"text/html","size":1458},{"uid":"249278f8fe54d59","name":"HTTP/1.1 200 ","source":"249278f8fe54d59.html","type":"text/html","size":2225}],"parameters":[],"shouldDisplayMessage":true,"stepsCount":16,"attachmentsCount":6,"hasContent":true},"afterStages":[{"name":"closeWebDriver","time":{"start":1743166809547,"stop":1743166809600,"duration":53},"description":"","status":"passed","steps":[{"name":"$(\"webdriver\") close()","time":{"start":1743166809547,"stop":1743166809600,"duration":53},"status":"passed","steps":[],"attachments":[],"parameters":[],"shouldDisplayMessage":false,"stepsCount":0,"attachmentsCount":0,"hasContent":false}],"attachments":[],"parameters":[],"shouldDisplayMessage":false,"stepsCount":1,"attachmentsCount":0,"hasContent":true},{"name":"afterTest","time":{"start":1743166809601,"stop":1743166809802,"duration":201},"description":"","status":"passed","steps":[],"attachments":[{"uid":"236fc45cdf1ab299","name":"Request","source":"236fc45cdf1ab299.html","type":"text/html","size":515},{"uid":"478556015af45df8","name":"HTTP/1.1 204 ","source":"478556015af45df8.html","type":"text/html","size":478},{"uid":"d6db83b4fdcc05c4","name":"Request","source":"d6db83b4fdcc05c4.html","type":"text/html","size":481},{"uid":"633890e0bc0c3090","name":"HTTP/1.1 204 ","source":"633890e0bc0c3090.html","type":"text/html","size":478}],"parameters":[],"shouldDisplayMessage":false,"stepsCount":0,"attachmentsCount":4,"hasContent":true}],"labels":[{"name":"package","value":"com.example.teamcity.ui.CreateBuildTest"},{"name":"testClass","value":"com.example.teamcity.ui.CreateBuildTest"},{"name":"testMethod","value":"userCreatesBuildConfiguration"},{"name":"parentSuite","value":"Surefire suite"},{"name":"suite","value":"Surefire test"},{"name":"subSuite","value":"com.example.teamcity.ui.CreateBuildTest"},{"name":"host","value":"fv-az1721-316"},{"name":"thread","value":"4072@fv-az1721-316.main(1)"},{"name":"framework","value":"testng"},{"name":"language","value":"java"},{"name":"resultFormat","value":"allure2"}],"parameters":[],"links":[],"hidden":false,"retry":false,"extra":{"severity":"normal","retries":[],"categories":[{"name":"Test defects","matchedStatuses":[],"flaky":false}],"history":{"statistic":{"failed":0,"broken":3,"skipped":0,"passed":9,"unknown":0,"total":12},"items":[{"uid":"ed02ce5c577354a5","reportUrl":"https://kharlama.github.io/TeamCity-Testing-Framework/ui/71//#testresult/ed02ce5c577354a5","status":"passed","time":{"start":1743166414717,"stop":1743166426701,"duration":11984}},{"uid":"72f959a18661e87","reportUrl":"https://kharlama.github.io/TeamCity-Testing-Framework/ui/70//#testresult/72f959a18661e87","status":"passed","time":{"start":1743165929703,"stop":1743165941721,"duration":12018}},{"uid":"d20f84786e22c10c","reportUrl":"https://kharlama.github.io/TeamCity-Testing-Framework/ui/69//#testresult/d20f84786e22c10c","status":"broken","statusDetails":"Failed to create new instance of class com.example.teamcity.ui.pages.ProjectBuildsPage","time":{"start":1743165771045,"stop":1743165823290,"duration":52245}},{"uid":"990f8f1e89b9e764","reportUrl":"https://kharlama.github.io/TeamCity-Testing-Framework/ui/68//#testresult/990f8f1e89b9e764","status":"passed","time":{"start":1743165204593,"stop":1743165216223,"duration":11630}},{"uid":"e5362199926c81c9","reportUrl":"https://kharlama.github.io/TeamCity-Testing-Framework/ui/67//#testresult/e5362199926c81c9","status":"passed","time":{"start":1743164780074,"stop":1743164792992,"duration":12918}},{"uid":"9b310d02bdcfb07d","reportUrl":"https://kharlama.github.io/TeamCity-Testing-Framework/ui/66//#testresult/9b310d02bdcfb07d","status":"passed","time":{"start":1743164136156,"stop":1743164148293,"duration":12137}},{"uid":"499eb4c0f0de9ed6","reportUrl":"https://kharlama.github.io/TeamCity-Testing-Framework/ui/65//#testresult/499eb4c0f0de9ed6","status":"passed","time":{"start":1743163266832,"stop":1743163278927,"duration":12095}},{"uid":"c7022c20da7af070","reportUrl":"https://kharlama.github.io/TeamCity-Testing-Framework/ui/64//#testresult/c7022c20da7af070","status":"passed","time":{"start":1743162888509,"stop":1743162900509,"duration":12000}},{"uid":"af7fa1953abbaacb","reportUrl":"https://kharlama.github.io/TeamCity-Testing-Framework/ui/63//#testresult/af7fa1953abbaacb","status":"passed","time":{"start":1743160550579,"stop":1743160562573,"duration":11994}},{"uid":"2b1b46484cab232f","reportUrl":"https://kharlama.github.io/TeamCity-Testing-Framework/ui/62//#testresult/2b1b46484cab232f","status":"passed","time":{"start":1743157904389,"stop":1743157917941,"duration":13552}},{"uid":"54c5b2031c74b77c","reportUrl":"https://kharlama.github.io/TeamCity-Testing-Framework/ui/61//#testresult/54c5b2031c74b77c","status":"broken","statusDetails":"Failed to create new instance of class com.example.teamcity.ui.pages.ProjectBuildsPage","time":{"start":1743157014833,"stop":1743157058638,"duration":43805}}]},"tags":[]},"source":"7762dfb9d4264385.json","parameterValues":[]}