{"uid":"dff8cf03008f779a","name":"User should be able to search for project by its full name","fullName":"com.example.teamcity.ui.CreateProjectTest.userSearchesProjectByItsName","historyId":"9939d1a4522b9cfd07d27fd9a720fa7a","time":{"start":1743163246735,"stop":1743163266494,"duration":19759},"status":"failed","statusMessage":"Element should exist {[data-test='sidebar-item'].snapshot(3 elements)[2]}\nElement: 'Ups, failed to describe the element [caused by: StaleElementReferenceException: stale element reference: stale element not found]'\nActual value: does not exist\nScreenshot: file:/home/runner/work/TeamCity-Testing-Framework/TeamCity-Testing-Framework/build/reports/tests/1743163265884.0.png\nPage source: file:/home/runner/work/TeamCity-Testing-Framework/TeamCity-Testing-Framework/build/reports/tests/1743163265884.0.html\nTimeout: 10 s.","statusTrace":"Element should exist {[data-test='sidebar-item'].snapshot(3 elements)[2]}\nElement: 'Ups, failed to describe the element [caused by: StaleElementReferenceException: stale element reference: stale element not found]'\nActual value: does not exist\nScreenshot: file:/home/runner/work/TeamCity-Testing-Framework/TeamCity-Testing-Framework/build/reports/tests/1743163265884.0.png\nPage source: file:/home/runner/work/TeamCity-Testing-Framework/TeamCity-Testing-Framework/build/reports/tests/1743163265884.0.html\nTimeout: 10 s.\n\tat com.codeborne.selenide.impl.WebElementSource.handleError(WebElementSource.java:125)\n\tat com.codeborne.selenide.impl.WebElementSource.checkConditionAndReturnElement(WebElementSource.java:102)\n\tat com.codeborne.selenide.impl.WebElementSource.checkCondition(WebElementSource.java:78)\n\tat com.codeborne.selenide.impl.ElementFinder.createElementNotFoundError(ElementFinder.java:119)\n\tat com.codeborne.selenide.impl.ExceptionWrapper.wrap(ExceptionWrapper.java:25)\n\tat com.codeborne.selenide.impl.SelenideElementProxy.dispatchAndRetry(SelenideElementProxy.java:153)\n\tat com.codeborne.selenide.impl.SelenideElementProxy.invoke(SelenideElementProxy.java:83)\n\tat jdk.proxy2/jdk.proxy2.$Proxy32.text(Unknown Source)\n\tat com.example.teamcity.ui.CreateProjectTest.lambda$userSearchesProjectByItsName$2(CreateProjectTest.java:106)\n\tat java.base/java.util.stream.ReferencePipeline$3$1.accept(ReferencePipeline.java:197)\n\tat java.base/java.util.AbstractList$RandomAccessSpliterator.forEachRemaining(AbstractList.java:722)\n\tat java.base/java.util.stream.AbstractPipeline.copyInto(AbstractPipeline.java:509)\n\tat java.base/java.util.stream.AbstractPipeline.wrapAndCopyInto(AbstractPipeline.java:499)\n\tat java.base/java.util.stream.ReduceOps$ReduceOp.evaluateSequential(ReduceOps.java:921)\n\tat java.base/java.util.stream.AbstractPipeline.evaluate(AbstractPipeline.java:234)\n\tat java.base/java.util.stream.ReferencePipeline.collect(ReferencePipeline.java:682)\n\tat com.example.teamcity.ui.CreateProjectTest.userSearchesProjectByItsName(CreateProjectTest.java:106)\n\tat java.base/jdk.internal.reflect.DirectMethodHandleAccessor.invoke(DirectMethodHandleAccessor.java:103)\n\tat java.base/java.lang.reflect.Method.invoke(Method.java:580)\n\tat org.testng.internal.invokers.MethodInvocationHelper.invokeMethod(MethodInvocationHelper.java:141)\n\tat org.testng.internal.invokers.TestInvoker.invokeMethod(TestInvoker.java:687)\n\tat org.testng.internal.invokers.TestInvoker.invokeTestMethod(TestInvoker.java:230)\n\tat org.testng.internal.invokers.MethodRunner.runInSequence(MethodRunner.java:63)\n\tat org.testng.internal.invokers.TestInvoker$MethodInvocationAgent.invoke(TestInvoker.java:995)\n\tat org.testng.internal.invokers.TestInvoker.invokeTestMethods(TestInvoker.java:203)\n\tat org.testng.internal.invokers.TestMethodWorker.invokeTestMethods(TestMethodWorker.java:154)\n\tat org.testng.internal.invokers.TestMethodWorker.run(TestMethodWorker.java:134)\n\tat java.base/java.util.ArrayList.forEach(ArrayList.java:1596)\n\tat org.testng.TestRunner.privateRun(TestRunner.java:741)\n\tat org.testng.TestRunner.run(TestRunner.java:616)\n\tat org.testng.SuiteRunner.runTest(SuiteRunner.java:421)\n\tat org.testng.SuiteRunner.runSequentially(SuiteRunner.java:413)\n\tat org.testng.SuiteRunner.privateRun(SuiteRunner.java:373)\n\tat org.testng.SuiteRunner.run(SuiteRunner.java:312)\n\tat org.testng.SuiteRunnerWorker.runSuite(SuiteRunnerWorker.java:52)\n\tat org.testng.SuiteRunnerWorker.run(SuiteRunnerWorker.java:95)\n\tat org.testng.TestNG.runSuitesSequentially(TestNG.java:1274)\n\tat org.testng.TestNG.runSuitesLocally(TestNG.java:1208)\n\tat org.testng.TestNG.runSuites(TestNG.java:1112)\n\tat org.testng.TestNG.run(TestNG.java:1079)\n\tat org.apache.maven.surefire.testng.TestNGExecutor.run(TestNGExecutor.java:155)\n\tat org.apache.maven.surefire.testng.TestNGDirectoryTestSuite.executeMulti(TestNGDirectoryTestSuite.java:169)\n\tat org.apache.maven.surefire.testng.TestNGDirectoryTestSuite.execute(TestNGDirectoryTestSuite.java:88)\n\tat org.apache.maven.surefire.testng.TestNGProvider.invoke(TestNGProvider.java:137)\n\tat org.apache.maven.surefire.booter.ForkedBooter.runSuitesInProcess(ForkedBooter.java:385)\n\tat org.apache.maven.surefire.booter.ForkedBooter.execute(ForkedBooter.java:162)\n\tat org.apache.maven.surefire.booter.ForkedBooter.run(ForkedBooter.java:507)\n\tat org.apache.maven.surefire.booter.ForkedBooter.main(ForkedBooter.java:495)\n","flaky":false,"newFailed":false,"newBroken":false,"newPassed":false,"retriesCount":0,"retriesStatusChange":false,"beforeStages":[{"name":"beforeTest","time":{"start":1743163246726,"stop":1743163246728,"duration":2},"description":"","status":"passed","steps":[],"attachments":[],"parameters":[],"shouldDisplayMessage":false,"stepsCount":0,"attachmentsCount":0,"hasContent":false}],"testStage":{"status":"failed","statusMessage":"Element should exist {[data-test='sidebar-item'].snapshot(3 elements)[2]}\nElement: 'Ups, failed to describe the element [caused by: StaleElementReferenceException: stale element reference: stale element not found]'\nActual value: does not exist\nScreenshot: file:/home/runner/work/TeamCity-Testing-Framework/TeamCity-Testing-Framework/build/reports/tests/1743163265884.0.png\nPage source: file:/home/runner/work/TeamCity-Testing-Framework/TeamCity-Testing-Framework/build/reports/tests/1743163265884.0.html\nTimeout: 10 s.","statusTrace":"Element should exist {[data-test='sidebar-item'].snapshot(3 elements)[2]}\nElement: 'Ups, failed to describe the element [caused by: StaleElementReferenceException: stale element reference: stale element not found]'\nActual value: does not exist\nScreenshot: file:/home/runner/work/TeamCity-Testing-Framework/TeamCity-Testing-Framework/build/reports/tests/1743163265884.0.png\nPage source: file:/home/runner/work/TeamCity-Testing-Framework/TeamCity-Testing-Framework/build/reports/tests/1743163265884.0.html\nTimeout: 10 s.\n\tat com.codeborne.selenide.impl.WebElementSource.handleError(WebElementSource.java:125)\n\tat com.codeborne.selenide.impl.WebElementSource.checkConditionAndReturnElement(WebElementSource.java:102)\n\tat com.codeborne.selenide.impl.WebElementSource.checkCondition(WebElementSource.java:78)\n\tat com.codeborne.selenide.impl.ElementFinder.createElementNotFoundError(ElementFinder.java:119)\n\tat com.codeborne.selenide.impl.ExceptionWrapper.wrap(ExceptionWrapper.java:25)\n\tat com.codeborne.selenide.impl.SelenideElementProxy.dispatchAndRetry(SelenideElementProxy.java:153)\n\tat com.codeborne.selenide.impl.SelenideElementProxy.invoke(SelenideElementProxy.java:83)\n\tat jdk.proxy2/jdk.proxy2.$Proxy32.text(Unknown Source)\n\tat com.example.teamcity.ui.CreateProjectTest.lambda$userSearchesProjectByItsName$2(CreateProjectTest.java:106)\n\tat java.base/java.util.stream.ReferencePipeline$3$1.accept(ReferencePipeline.java:197)\n\tat java.base/java.util.AbstractList$RandomAccessSpliterator.forEachRemaining(AbstractList.java:722)\n\tat java.base/java.util.stream.AbstractPipeline.copyInto(AbstractPipeline.java:509)\n\tat java.base/java.util.stream.AbstractPipeline.wrapAndCopyInto(AbstractPipeline.java:499)\n\tat java.base/java.util.stream.ReduceOps$ReduceOp.evaluateSequential(ReduceOps.java:921)\n\tat java.base/java.util.stream.AbstractPipeline.evaluate(AbstractPipeline.java:234)\n\tat java.base/java.util.stream.ReferencePipeline.collect(ReferencePipeline.java:682)\n\tat com.example.teamcity.ui.CreateProjectTest.userSearchesProjectByItsName(CreateProjectTest.java:106)\n\tat java.base/jdk.internal.reflect.DirectMethodHandleAccessor.invoke(DirectMethodHandleAccessor.java:103)\n\tat java.base/java.lang.reflect.Method.invoke(Method.java:580)\n\tat org.testng.internal.invokers.MethodInvocationHelper.invokeMethod(MethodInvocationHelper.java:141)\n\tat org.testng.internal.invokers.TestInvoker.invokeMethod(TestInvoker.java:687)\n\tat org.testng.internal.invokers.TestInvoker.invokeTestMethod(TestInvoker.java:230)\n\tat org.testng.internal.invokers.MethodRunner.runInSequence(MethodRunner.java:63)\n\tat org.testng.internal.invokers.TestInvoker$MethodInvocationAgent.invoke(TestInvoker.java:995)\n\tat org.testng.internal.invokers.TestInvoker.invokeTestMethods(TestInvoker.java:203)\n\tat org.testng.internal.invokers.TestMethodWorker.invokeTestMethods(TestMethodWorker.java:154)\n\tat org.testng.internal.invokers.TestMethodWorker.run(TestMethodWorker.java:134)\n\tat java.base/java.util.ArrayList.forEach(ArrayList.java:1596)\n\tat org.testng.TestRunner.privateRun(TestRunner.java:741)\n\tat org.testng.TestRunner.run(TestRunner.java:616)\n\tat org.testng.SuiteRunner.runTest(SuiteRunner.java:421)\n\tat org.testng.SuiteRunner.runSequentially(SuiteRunner.java:413)\n\tat org.testng.SuiteRunner.privateRun(SuiteRunner.java:373)\n\tat org.testng.SuiteRunner.run(SuiteRunner.java:312)\n\tat org.testng.SuiteRunnerWorker.runSuite(SuiteRunnerWorker.java:52)\n\tat org.testng.SuiteRunnerWorker.run(SuiteRunnerWorker.java:95)\n\tat org.testng.TestNG.runSuitesSequentially(TestNG.java:1274)\n\tat org.testng.TestNG.runSuitesLocally(TestNG.java:1208)\n\tat org.testng.TestNG.runSuites(TestNG.java:1112)\n\tat org.testng.TestNG.run(TestNG.java:1079)\n\tat org.apache.maven.surefire.testng.TestNGExecutor.run(TestNGExecutor.java:155)\n\tat org.apache.maven.surefire.testng.TestNGDirectoryTestSuite.executeMulti(TestNGDirectoryTestSuite.java:169)\n\tat org.apache.maven.surefire.testng.TestNGDirectoryTestSuite.execute(TestNGDirectoryTestSuite.java:88)\n\tat org.apache.maven.surefire.testng.TestNGProvider.invoke(TestNGProvider.java:137)\n\tat org.apache.maven.surefire.booter.ForkedBooter.runSuitesInProcess(ForkedBooter.java:385)\n\tat org.apache.maven.surefire.booter.ForkedBooter.execute(ForkedBooter.java:162)\n\tat org.apache.maven.surefire.booter.ForkedBooter.run(ForkedBooter.java:507)\n\tat org.apache.maven.surefire.booter.ForkedBooter.main(ForkedBooter.java:495)\n","steps":[{"name":"Open login page","time":{"start":1743163246918,"stop":1743163249805,"duration":2887},"status":"passed","steps":[{"name":"$(\"open\") http://172.17.0.1:8111/login.html","time":{"start":1743163246920,"stop":1743163249805,"duration":2885},"status":"passed","steps":[{"name":"$(\"webdriver\") create()","time":{"start":1743163246920,"stop":1743163248923,"duration":2003},"status":"passed","steps":[],"attachments":[],"parameters":[],"shouldDisplayMessage":false,"stepsCount":0,"attachmentsCount":0,"hasContent":false}],"attachments":[],"parameters":[],"shouldDisplayMessage":false,"stepsCount":1,"attachmentsCount":0,"hasContent":true}],"attachments":[],"parameters":[],"shouldDisplayMessage":false,"stepsCount":2,"attachmentsCount":0,"hasContent":true},{"name":"Login as test_AyKikPyjZX","time":{"start":1743163249806,"stop":1743163253296,"duration":3490},"status":"passed","steps":[{"name":"$(\"#username\") val(test_AyKikPyjZX)","time":{"start":1743163249806,"stop":1743163250237,"duration":431},"status":"passed","steps":[],"attachments":[],"parameters":[],"shouldDisplayMessage":false,"stepsCount":0,"attachmentsCount":0,"hasContent":false},{"name":"$(\"#password\") val(test_PHCXJfQHBV)","time":{"start":1743163250237,"stop":1743163250603,"duration":366},"status":"passed","steps":[],"attachments":[],"parameters":[],"shouldDisplayMessage":false,"stepsCount":0,"attachmentsCount":0,"hasContent":false},{"name":"$(\".loginButton\") click()","time":{"start":1743163250603,"stop":1743163250734,"duration":131},"status":"passed","steps":[],"attachments":[],"parameters":[],"shouldDisplayMessage":false,"stepsCount":0,"attachmentsCount":0,"hasContent":false},{"name":"$(\".MainPanel__router--gF > div\") should be([visible, 40 s.])","time":{"start":1743163250734,"stop":1743163253296,"duration":2562},"status":"passed","steps":[],"attachments":[],"parameters":[],"shouldDisplayMessage":false,"stepsCount":0,"attachmentsCount":0,"hasContent":false}],"attachments":[],"parameters":[{"name":"user","value":"User(id=null, username=test_AyKikPyjZX, password=test_PHCXJfQHBV, roles=Roles(role=[Role(roleId=SYSTEM_ADMIN, scope=g)]))"}],"shouldDisplayMessage":false,"stepsCount":4,"attachmentsCount":0,"hasContent":true},{"name":"$(\"open\") http://172.17.0.1:8111/favorite/projects","time":{"start":1743163253704,"stop":1743163254953,"duration":1249},"status":"passed","steps":[],"attachments":[],"parameters":[],"shouldDisplayMessage":false,"stepsCount":0,"attachmentsCount":0,"hasContent":false},{"name":"$(\".MainPanel__router--gF > div\") should be([visible, 40 s.])","time":{"start":1743163254953,"stop":1743163255410,"duration":457},"status":"passed","steps":[],"attachments":[],"parameters":[],"shouldDisplayMessage":false,"stepsCount":0,"attachmentsCount":0,"hasContent":false},{"name":"$(\"#search-projects\") val(test_TzUyiPxDsQ)","time":{"start":1743163255411,"stop":1743163255664,"duration":253},"status":"passed","steps":[],"attachments":[],"parameters":[],"shouldDisplayMessage":false,"stepsCount":0,"attachmentsCount":0,"hasContent":false},{"name":"$(\"[aria-label='Add to favorites...']\") should not be([visible, 40 s.])","time":{"start":1743163255664,"stop":1743163255712,"duration":48},"status":"passed","steps":[],"attachments":[],"parameters":[],"shouldDisplayMessage":false,"stepsCount":0,"attachmentsCount":0,"hasContent":false},{"name":"$(\"[span='All Projects']\") should not be([visible, 40 s.])","time":{"start":1743163255712,"stop":1743163255736,"duration":24},"status":"passed","steps":[],"attachments":[],"parameters":[],"shouldDisplayMessage":false,"stepsCount":0,"attachmentsCount":0,"hasContent":false},{"name":"$(\".MainPanel__router--gF > div\") should be([visible, 40 s.])","time":{"start":1743163255736,"stop":1743163255756,"duration":20},"status":"passed","steps":[],"attachments":[],"parameters":[],"shouldDisplayMessage":false,"stepsCount":0,"attachmentsCount":0,"hasContent":false},{"name":"$(\"[data-test='sidebar-item'].snapshot(3 elements)[0]/span[class*='ProjectsTreeItem__name']\") text()","time":{"start":1743163255773,"stop":1743163255810,"duration":37},"status":"passed","steps":[],"attachments":[],"parameters":[],"shouldDisplayMessage":false,"stepsCount":0,"attachmentsCount":0,"hasContent":false},{"name":"$(\"[data-test='sidebar-item'].snapshot(3 elements)[1]/span[class*='ProjectsTreeItem__name']\") text()","time":{"start":1743163255810,"stop":1743163255844,"duration":34},"status":"passed","steps":[],"attachments":[],"parameters":[],"shouldDisplayMessage":false,"stepsCount":0,"attachmentsCount":0,"hasContent":false},{"name":"$(\"[data-test='sidebar-item'].snapshot(3 elements)[2]/span[class*='ProjectsTreeItem__name']\") text()","time":{"start":1743163255844,"stop":1743163266492,"duration":10648},"status":"failed","statusMessage":"Element should exist {[data-test='sidebar-item'].snapshot(3 elements)[2]}\nElement: 'Ups, failed to describe the element [caused by: StaleElementReferenceException: stale element reference: stale element not found]'\nActual value: does not exist\nScreenshot: file:/home/runner/work/TeamCity-Testing-Framework/TeamCity-Testing-Framework/build/reports/tests/1743163265884.0.png\nPage source: file:/home/runner/work/TeamCity-Testing-Framework/TeamCity-Testing-Framework/build/reports/tests/1743163265884.0.html\nTimeout: 10 s.","statusTrace":"Element should exist {[data-test='sidebar-item'].snapshot(3 elements)[2]}\nElement: 'Ups, failed to describe the element [caused by: StaleElementReferenceException: stale element reference: stale element not found]'\nActual value: does not exist\nScreenshot: file:/home/runner/work/TeamCity-Testing-Framework/TeamCity-Testing-Framework/build/reports/tests/1743163265884.0.png\nPage source: file:/home/runner/work/TeamCity-Testing-Framework/TeamCity-Testing-Framework/build/reports/tests/1743163265884.0.html\nTimeout: 10 s.\n\tat com.codeborne.selenide.impl.WebElementSource.handleError(WebElementSource.java:125)\n\tat com.codeborne.selenide.impl.WebElementSource.checkConditionAndReturnElement(WebElementSource.java:102)\n\tat com.codeborne.selenide.impl.WebElementSource.checkCondition(WebElementSource.java:78)\n\tat com.codeborne.selenide.impl.ElementFinder.createElementNotFoundError(ElementFinder.java:119)\n\tat com.codeborne.selenide.impl.ExceptionWrapper.wrap(ExceptionWrapper.java:25)\n\tat com.codeborne.selenide.impl.SelenideElementProxy.dispatchAndRetry(SelenideElementProxy.java:153)\n\tat com.codeborne.selenide.impl.SelenideElementProxy.invoke(SelenideElementProxy.java:83)\n\tat jdk.proxy2/jdk.proxy2.$Proxy32.text(Unknown Source)\n\tat com.example.teamcity.ui.CreateProjectTest.lambda$userSearchesProjectByItsName$2(CreateProjectTest.java:106)\n\tat java.base/java.util.stream.ReferencePipeline$3$1.accept(ReferencePipeline.java:197)\n\tat java.base/java.util.AbstractList$RandomAccessSpliterator.forEachRemaining(AbstractList.java:722)\n\tat java.base/java.util.stream.AbstractPipeline.copyInto(AbstractPipeline.java:509)\n\tat java.base/java.util.stream.AbstractPipeline.wrapAndCopyInto(AbstractPipeline.java:499)\n\tat java.base/java.util.stream.ReduceOps$ReduceOp.evaluateSequential(ReduceOps.java:921)\n\tat java.base/java.util.stream.AbstractPipeline.evaluate(AbstractPipeline.java:234)\n\tat java.base/java.util.stream.ReferencePipeline.collect(ReferencePipeline.java:682)\n\tat com.example.teamcity.ui.CreateProjectTest.userSearchesProjectByItsName(CreateProjectTest.java:106)\n\tat java.base/jdk.internal.reflect.DirectMethodHandleAccessor.invoke(DirectMethodHandleAccessor.java:103)\n\tat java.base/java.lang.reflect.Method.invoke(Method.java:580)\n\tat org.testng.internal.invokers.MethodInvocationHelper.invokeMethod(MethodInvocationHelper.java:141)\n\tat org.testng.internal.invokers.TestInvoker.invokeMethod(TestInvoker.java:687)\n\tat org.testng.internal.invokers.TestInvoker.invokeTestMethod(TestInvoker.java:230)\n\tat org.testng.internal.invokers.MethodRunner.runInSequence(MethodRunner.java:63)\n\tat org.testng.internal.invokers.TestInvoker$MethodInvocationAgent.invoke(TestInvoker.java:995)\n\tat org.testng.internal.invokers.TestInvoker.invokeTestMethods(TestInvoker.java:203)\n\tat org.testng.internal.invokers.TestMethodWorker.invokeTestMethods(TestMethodWorker.java:154)\n\tat org.testng.internal.invokers.TestMethodWorker.run(TestMethodWorker.java:134)\n\tat java.base/java.util.ArrayList.forEach(ArrayList.java:1596)\n\tat org.testng.TestRunner.privateRun(TestRunner.java:741)\n\tat org.testng.TestRunner.run(TestRunner.java:616)\n\tat org.testng.SuiteRunner.runTest(SuiteRunner.java:421)\n\tat org.testng.SuiteRunner.runSequentially(SuiteRunner.java:413)\n\tat org.testng.SuiteRunner.privateRun(SuiteRunner.java:373)\n\tat org.testng.SuiteRunner.run(SuiteRunner.java:312)\n\tat org.testng.SuiteRunnerWorker.runSuite(SuiteRunnerWorker.java:52)\n\tat org.testng.SuiteRunnerWorker.run(SuiteRunnerWorker.java:95)\n\tat org.testng.TestNG.runSuitesSequentially(TestNG.java:1274)\n\tat org.testng.TestNG.runSuitesLocally(TestNG.java:1208)\n\tat org.testng.TestNG.runSuites(TestNG.java:1112)\n\tat org.testng.TestNG.run(TestNG.java:1079)\n\tat org.apache.maven.surefire.testng.TestNGExecutor.run(TestNGExecutor.java:155)\n\tat org.apache.maven.surefire.testng.TestNGDirectoryTestSuite.executeMulti(TestNGDirectoryTestSuite.java:169)\n\tat org.apache.maven.surefire.testng.TestNGDirectoryTestSuite.execute(TestNGDirectoryTestSuite.java:88)\n\tat org.apache.maven.surefire.testng.TestNGProvider.invoke(TestNGProvider.java:137)\n\tat org.apache.maven.surefire.booter.ForkedBooter.runSuitesInProcess(ForkedBooter.java:385)\n\tat org.apache.maven.surefire.booter.ForkedBooter.execute(ForkedBooter.java:162)\n\tat org.apache.maven.surefire.booter.ForkedBooter.run(ForkedBooter.java:507)\n\tat org.apache.maven.surefire.booter.ForkedBooter.main(ForkedBooter.java:495)\n","steps":[],"attachments":[{"uid":"2ce461df3d8b3f12","name":"Screenshot","source":"2ce461df3d8b3f12.png","type":"image/png","size":62744},{"uid":"81e99defb2845826","name":"Page source","source":"81e99defb2845826.html","type":"text/html","size":187970}],"parameters":[],"shouldDisplayMessage":true,"stepsCount":0,"attachmentsCount":2,"hasContent":true}],"attachments":[{"uid":"cb0a5074dc2e34f0","name":"Request","source":"cb0a5074dc2e34f0.html","type":"text/html","size":1244},{"uid":"c10c9825c4ac41da","name":"HTTP/1.1 200 ","source":"c10c9825c4ac41da.html","type":"text/html","size":2088},{"uid":"e54f0dd5b3f2954d","name":"Request","source":"e54f0dd5b3f2954d.html","type":"text/html","size":1458},{"uid":"83818c9ba384db30","name":"HTTP/1.1 200 ","source":"83818c9ba384db30.html","type":"text/html","size":2225}],"parameters":[],"shouldDisplayMessage":false,"stepsCount":17,"attachmentsCount":6,"hasContent":true},"afterStages":[{"name":"closeWebDriver","time":{"start":1743163266510,"stop":1743163266572,"duration":62},"description":"","status":"passed","steps":[{"name":"$(\"webdriver\") close()","time":{"start":1743163266510,"stop":1743163266571,"duration":61},"status":"passed","steps":[],"attachments":[],"parameters":[],"shouldDisplayMessage":false,"stepsCount":0,"attachmentsCount":0,"hasContent":false}],"attachments":[],"parameters":[],"shouldDisplayMessage":false,"stepsCount":1,"attachmentsCount":0,"hasContent":true},{"name":"afterTest","time":{"start":1743163266573,"stop":1743163266822,"duration":249},"description":"","status":"passed","steps":[],"attachments":[{"uid":"1c5c8fc743ff07db","name":"Request","source":"1c5c8fc743ff07db.html","type":"text/html","size":515},{"uid":"2848d7db29c51a59","name":"HTTP/1.1 204 ","source":"2848d7db29c51a59.html","type":"text/html","size":478},{"uid":"ed060c512bbd8641","name":"Request","source":"ed060c512bbd8641.html","type":"text/html","size":481},{"uid":"76a06c5299278735","name":"HTTP/1.1 204 ","source":"76a06c5299278735.html","type":"text/html","size":478}],"parameters":[],"shouldDisplayMessage":false,"stepsCount":0,"attachmentsCount":4,"hasContent":true}],"labels":[{"name":"package","value":"com.example.teamcity.ui.CreateProjectTest"},{"name":"testClass","value":"com.example.teamcity.ui.CreateProjectTest"},{"name":"testMethod","value":"userSearchesProjectByItsName"},{"name":"parentSuite","value":"Surefire suite"},{"name":"suite","value":"Surefire test"},{"name":"subSuite","value":"com.example.teamcity.ui.CreateProjectTest"},{"name":"host","value":"fv-az1691-869"},{"name":"thread","value":"4186@fv-az1691-869.main(1)"},{"name":"framework","value":"testng"},{"name":"language","value":"java"},{"name":"resultFormat","value":"allure2"}],"parameters":[],"links":[],"hidden":false,"retry":false,"extra":{"severity":"normal","retries":[],"categories":[{"name":"Product defects","matchedStatuses":[],"flaky":false}],"history":{"statistic":{"failed":4,"broken":0,"skipped":0,"passed":1,"unknown":0,"total":5},"items":[{"uid":"e1203099cdf306a4","reportUrl":"https://kharlama.github.io/TeamCity-Testing-Framework/ui/64//#testresult/e1203099cdf306a4","status":"failed","statusDetails":"Element should exist {[data-test='sidebar-item'].snapshot(3 elements)[2]}\nElement: 'Ups, failed to describe the element [caused by: StaleElementReferenceException: stale element reference: stale element not found]'\nActual value: does not exist\nScreenshot: file:/home/runner/work/TeamCity-Testing-Framework/TeamCity-Testing-Framework/build/reports/tests/1743162887598.0.png\nPage source: file:/home/runner/work/TeamCity-Testing-Framework/TeamCity-Testing-Framework/build/reports/tests/1743162887598.0.html\nTimeout: 10 s.","time":{"start":1743162868296,"stop":1743162888206,"duration":19910}},{"uid":"94aba469902c2e4b","reportUrl":"https://kharlama.github.io/TeamCity-Testing-Framework/ui/63//#testresult/94aba469902c2e4b","status":"failed","statusDetails":"Element should exist {[data-test='sidebar-item'].snapshot(3 elements)[2]}\nElement: 'Ups, failed to describe the element [caused by: StaleElementReferenceException: stale element reference: stale element not found]'\nActual value: does not exist\nScreenshot: file:/home/runner/work/TeamCity-Testing-Framework/TeamCity-Testing-Framework/build/reports/tests/1743160549801.1.png\nPage source: file:/home/runner/work/TeamCity-Testing-Framework/TeamCity-Testing-Framework/build/reports/tests/1743160549801.1.html\nTimeout: 10 s.","time":{"start":1743160531936,"stop":1743160550271,"duration":18335}},{"uid":"69dfff0c27e1ccd1","reportUrl":"https://kharlama.github.io/TeamCity-Testing-Framework/ui/62//#testresult/69dfff0c27e1ccd1","status":"failed","statusDetails":"Element should exist {[data-test='sidebar-item'].snapshot(3 elements)[2]}\nElement: 'Ups, failed to describe the element [caused by: StaleElementReferenceException: stale element reference: stale element not found]'\nActual value: does not exist\nScreenshot: file:/home/runner/work/TeamCity-Testing-Framework/TeamCity-Testing-Framework/build/reports/tests/1743157903273.0.png\nPage source: file:/home/runner/work/TeamCity-Testing-Framework/TeamCity-Testing-Framework/build/reports/tests/1743157903273.0.html\nTimeout: 10 s.","time":{"start":1743157885226,"stop":1743157903931,"duration":18705}},{"uid":"d4edc4b1e52f1f20","reportUrl":"https://kharlama.github.io/TeamCity-Testing-Framework/ui/61//#testresult/d4edc4b1e52f1f20","status":"passed","time":{"start":1743157006957,"stop":1743157014723,"duration":7766}}]},"tags":[]},"source":"dff8cf03008f779a.json","parameterValues":[]}